[ 2017-06-26T00:00:22+08:00 ] 127.0.0.1 /index.php/Home/Member/reset/member_id/1.html
INFO: [ app_init ] --START--
INFO: Run Behavior\BuildLiteBehavior [ RunTime:0.000014s ]
INFO: [ app_init ] --END-- [ RunTime:0.000364s ]
INFO: [ app_begin ] --START--
INFO: Run Behavior\ReadHtmlCacheBehavior [ RunTime:0.000559s ]
INFO: [ app_begin ] --END-- [ RunTime:0.000605s ]
SQL: SHOW COLUMNS FROM `eco_member` [ RunTime:0.0144s ]
INFO: [ view_parse ] --START--
INFO: [ template_filter ] --START--
INFO: Run Behavior\ContentReplaceBehavior [ RunTime:0.000066s ]
INFO: [ template_filter ] --END-- [ RunTime:0.000108s ]
NOTIC: [8] Undefined index: Home_is_login D:\Projects\TPecommerce\abcfoxfur\Runtime\Cache\Home\f44bc95b2e2ed87d926feb85bd5a5967.php 第 21 行.
INFO: Run Behavior\ParseTemplateBehavior [ RunTime:0.007189s ]
INFO: [ view_parse ] --END-- [ RunTime:0.007228s ]
INFO: [ view_filter ] --START--
INFO: Run Behavior\WriteHtmlCacheBehavior [ RunTime:0.000306s ]
INFO: [ view_filter ] --END-- [ RunTime:0.000336s ]
INFO: [ app_end ] --START--
INFO: Run Behavior\ShowPageTraceBehavior [ RunTime:0.000547s ]
INFO: [ app_end ] --END-- [ RunTime:0.000578s ]

[ 2017-06-26T00:00:47+08:00 ] 127.0.0.1 /index.php/Home/Member/reset/member_id/1.html
INFO: [ app_init ] --START--
INFO: Run Behavior\BuildLiteBehavior [ RunTime:0.000011s ]
INFO: [ app_init ] --END-- [ RunTime:0.000312s ]
INFO: [ app_begin ] --START--
INFO: Run Behavior\ReadHtmlCacheBehavior [ RunTime:0.000579s ]
INFO: [ app_begin ] --END-- [ RunTime:0.000645s ]
SQL: SHOW COLUMNS FROM `eco_member` [ RunTime:0.0145s ]
NOTIC: [8] Undefined index: validate D:\Projects\TPecommerce\amon\Library\Think\Model.class.php 第 1185 行.
NOTIC: [8] Undefined index: member_name D:\Projects\TPecommerce\amon\Library\Think\Model.class.php 第 1294 行.
SQL: SELECT * FROM `eco_member` WHERE `member_name` = null LIMIT 1   [ RunTime:0.0003s ]
NOTIC: [8] Undefined index: sms_code D:\Projects\TPecommerce\amon\Library\Think\Model.class.php 第 1276 行.
NOTIC: [8] Undefined index: auto D:\Projects\TPecommerce\amon\Library\Think\Model.class.php 第 1128 行.
INFO: [ view_parse ] --START--
INFO: [ template_filter ] --START--
INFO: Run Behavior\ContentReplaceBehavior [ RunTime:0.000040s ]
INFO: [ template_filter ] --END-- [ RunTime:0.000080s ]
INFO: Run Behavior\ParseTemplateBehavior [ RunTime:0.005616s ]
INFO: [ view_parse ] --END-- [ RunTime:0.005674s ]
INFO: [ view_filter ] --START--
INFO: Run Behavior\WriteHtmlCacheBehavior [ RunTime:0.000221s ]
INFO: [ view_filter ] --END-- [ RunTime:0.000252s ]

[ 2017-06-26T00:00:50+08:00 ] 127.0.0.1 /index.php/Home/Member/reset/member_id/1.html
INFO: [ app_init ] --START--
INFO: Run Behavior\BuildLiteBehavior [ RunTime:0.000012s ]
INFO: [ app_init ] --END-- [ RunTime:0.000310s ]
INFO: [ app_begin ] --START--
INFO: Run Behavior\ReadHtmlCacheBehavior [ RunTime:0.000478s ]
INFO: [ app_begin ] --END-- [ RunTime:0.000516s ]
SQL: SHOW COLUMNS FROM `eco_member` [ RunTime:0.0134s ]
INFO: [ view_parse ] --START--
INFO: [ template_filter ] --START--
INFO: Run Behavior\ContentReplaceBehavior [ RunTime:0.000064s ]
INFO: [ template_filter ] --END-- [ RunTime:0.000110s ]
NOTIC: [8] Undefined index: Home_is_login D:\Projects\TPecommerce\abcfoxfur\Runtime\Cache\Home\f44bc95b2e2ed87d926feb85bd5a5967.php 第 21 行.
INFO: Run Behavior\ParseTemplateBehavior [ RunTime:0.006910s ]
INFO: [ view_parse ] --END-- [ RunTime:0.006949s ]
INFO: [ view_filter ] --START--
INFO: Run Behavior\WriteHtmlCacheBehavior [ RunTime:0.000227s ]
INFO: [ view_filter ] --END-- [ RunTime:0.000256s ]
INFO: [ app_end ] --START--
INFO: Run Behavior\ShowPageTraceBehavior [ RunTime:0.000475s ]
INFO: [ app_end ] --END-- [ RunTime:0.000505s ]

[ 2017-06-26T00:01:21+08:00 ] 127.0.0.1 /index.php/Home/Member/reset/member_id/1.html
INFO: [ app_init ] --START--
INFO: Run Behavior\BuildLiteBehavior [ RunTime:0.000011s ]
INFO: [ app_init ] --END-- [ RunTime:0.000336s ]
INFO: [ app_begin ] --START--
INFO: Run Behavior\ReadHtmlCacheBehavior [ RunTime:0.000563s ]
INFO: [ app_begin ] --END-- [ RunTime:0.000605s ]
SQL: SHOW COLUMNS FROM `eco_member` [ RunTime:0.0142s ]
NOTIC: [8] Undefined index: validate D:\Projects\TPecommerce\amon\Library\Think\Model.class.php 第 1185 行.
NOTIC: [8] Undefined index: member_name D:\Projects\TPecommerce\amon\Library\Think\Model.class.php 第 1294 行.
SQL: SELECT * FROM `eco_member` WHERE `member_name` = null LIMIT 1   [ RunTime:0.0003s ]
NOTIC: [8] Undefined index: sms_code D:\Projects\TPecommerce\amon\Library\Think\Model.class.php 第 1276 行.
NOTIC: [8] Undefined index: auto D:\Projects\TPecommerce\amon\Library\Think\Model.class.php 第 1128 行.

[ 2017-06-26T00:01:29+08:00 ] 127.0.0.1 /index.php/Home/Member/reset/member_id/1.html
INFO: [ app_init ] --START--
INFO: Run Behavior\BuildLiteBehavior [ RunTime:0.000033s ]
INFO: [ app_init ] --END-- [ RunTime:0.000523s ]
INFO: [ app_begin ] --START--
INFO: Run Behavior\ReadHtmlCacheBehavior [ RunTime:0.000562s ]
INFO: [ app_begin ] --END-- [ RunTime:0.000611s ]
SQL: SHOW COLUMNS FROM `eco_member` [ RunTime:0.0144s ]
NOTIC: [8] Undefined index: validate D:\Projects\TPecommerce\amon\Library\Think\Model.class.php 第 1185 行.
NOTIC: [8] Undefined index: member_name D:\Projects\TPecommerce\amon\Library\Think\Model.class.php 第 1294 行.
SQL: SELECT * FROM `eco_member` WHERE `member_name` = null LIMIT 1   [ RunTime:0.0003s ]
NOTIC: [8] Undefined index: sms_code D:\Projects\TPecommerce\amon\Library\Think\Model.class.php 第 1276 行.
NOTIC: [8] Undefined index: auto D:\Projects\TPecommerce\amon\Library\Think\Model.class.php 第 1128 行.

[ 2017-06-26T00:01:30+08:00 ] 127.0.0.1 /index.php/Home/Member/reset/member_id/1.html
INFO: [ app_init ] --START--
INFO: Run Behavior\BuildLiteBehavior [ RunTime:0.000013s ]
INFO: [ app_init ] --END-- [ RunTime:0.000351s ]
INFO: [ app_begin ] --START--
INFO: Run Behavior\ReadHtmlCacheBehavior [ RunTime:0.000561s ]
INFO: [ app_begin ] --END-- [ RunTime:0.000611s ]
SQL: SHOW COLUMNS FROM `eco_member` [ RunTime:0.0161s ]
NOTIC: [8] Undefined index: validate D:\Projects\TPecommerce\amon\Library\Think\Model.class.php 第 1185 行.
NOTIC: [8] Undefined index: member_name D:\Projects\TPecommerce\amon\Library\Think\Model.class.php 第 1294 行.
SQL: SELECT * FROM `eco_member` WHERE `member_name` = null LIMIT 1   [ RunTime:0.0003s ]
NOTIC: [8] Undefined index: sms_code D:\Projects\TPecommerce\amon\Library\Think\Model.class.php 第 1276 行.
NOTIC: [8] Undefined index: auto D:\Projects\TPecommerce\amon\Library\Think\Model.class.php 第 1128 行.

[ 2017-06-26T08:15:56+08:00 ] 127.0.0.1 /index.php/Home/Member/reset/member_id/1.html
INFO: [ app_init ] --START--
INFO: Run Behavior\BuildLiteBehavior [ RunTime:0.000014s ]
INFO: [ app_init ] --END-- [ RunTime:0.001289s ]
INFO: [ app_begin ] --START--
INFO: Run Behavior\ReadHtmlCacheBehavior [ RunTime:0.001364s ]
INFO: [ app_begin ] --END-- [ RunTime:0.001416s ]
SQL: SHOW COLUMNS FROM `eco_member` [ RunTime:0.0145s ]
NOTIC: [8] Undefined index: validate D:\Projects\TPecommerce\amon\Library\Think\Model.class.php 第 1185 行.
NOTIC: [8] Undefined index: member_name D:\Projects\TPecommerce\amon\Library\Think\Model.class.php 第 1294 行.
SQL: SELECT * FROM `eco_member` WHERE `member_name` = null LIMIT 1   [ RunTime:0.0003s ]
NOTIC: [8] Undefined index: sms_code D:\Projects\TPecommerce\amon\Library\Think\Model.class.php 第 1276 行.
NOTIC: [8] Undefined index: auto D:\Projects\TPecommerce\amon\Library\Think\Model.class.php 第 1128 行.
NOTIC: [8] Undefined index: validate D:\Projects\TPecommerce\amon\Library\Think\Model.class.php 第 1185 行.
NOTIC: [8] Undefined index: member_name D:\Projects\TPecommerce\amon\Library\Think\Model.class.php 第 1294 行.
SQL: SELECT * FROM `eco_member` WHERE `member_name` = null LIMIT 1   [ RunTime:0.0003s ]
NOTIC: [8] Undefined index: sms_code D:\Projects\TPecommerce\amon\Library\Think\Model.class.php 第 1276 行.
NOTIC: [8] Undefined index: auto D:\Projects\TPecommerce\amon\Library\Think\Model.class.php 第 1128 行.

[ 2017-06-26T08:17:01+08:00 ] 127.0.0.1 /index.php/Home/Member/reset/member_id/1.html
INFO: [ app_init ] --START--
INFO: Run Behavior\BuildLiteBehavior [ RunTime:0.000011s ]
INFO: [ app_init ] --END-- [ RunTime:0.000297s ]
INFO: [ app_begin ] --START--
INFO: Run Behavior\ReadHtmlCacheBehavior [ RunTime:0.000451s ]
INFO: [ app_begin ] --END-- [ RunTime:0.000488s ]
SQL: SHOW COLUMNS FROM `eco_member` [ RunTime:0.0149s ]
NOTIC: [8] Undefined index: validate D:\Projects\TPecommerce\amon\Library\Think\Model.class.php 第 1185 行.
NOTIC: [8] Undefined index: member_name D:\Projects\TPecommerce\amon\Library\Think\Model.class.php 第 1294 行.
SQL: SELECT * FROM `eco_member` WHERE `member_name` = null LIMIT 1   [ RunTime:0.0004s ]
NOTIC: [8] Undefined index: sms_code D:\Projects\TPecommerce\amon\Library\Think\Model.class.php 第 1276 行.
NOTIC: [8] Undefined index: auto D:\Projects\TPecommerce\amon\Library\Think\Model.class.php 第 1128 行.
NOTIC: [8] Undefined index: validate D:\Projects\TPecommerce\amon\Library\Think\Model.class.php 第 1185 行.
NOTIC: [8] Undefined index: member_name D:\Projects\TPecommerce\amon\Library\Think\Model.class.php 第 1294 行.
SQL: SELECT * FROM `eco_member` WHERE `member_name` = null LIMIT 1   [ RunTime:0.0002s ]
NOTIC: [8] Undefined index: sms_code D:\Projects\TPecommerce\amon\Library\Think\Model.class.php 第 1276 行.
NOTIC: [8] Undefined index: auto D:\Projects\TPecommerce\amon\Library\Think\Model.class.php 第 1128 行.

[ 2017-06-26T08:17:02+08:00 ] 127.0.0.1 /index.php/Home/Member/reset/member_id/1.html
INFO: [ app_init ] --START--
INFO: Run Behavior\BuildLiteBehavior [ RunTime:0.000011s ]
INFO: [ app_init ] --END-- [ RunTime:0.000302s ]
INFO: [ app_begin ] --START--
INFO: Run Behavior\ReadHtmlCacheBehavior [ RunTime:0.000461s ]
INFO: [ app_begin ] --END-- [ RunTime:0.000499s ]
SQL: SHOW COLUMNS FROM `eco_member` [ RunTime:0.0155s ]
NOTIC: [8] Undefined index: validate D:\Projects\TPecommerce\amon\Library\Think\Model.class.php 第 1185 行.
NOTIC: [8] Undefined index: member_name D:\Projects\TPecommerce\amon\Library\Think\Model.class.php 第 1294 行.
SQL: SELECT * FROM `eco_member` WHERE `member_name` = null LIMIT 1   [ RunTime:0.0003s ]
NOTIC: [8] Undefined index: sms_code D:\Projects\TPecommerce\amon\Library\Think\Model.class.php 第 1276 行.
NOTIC: [8] Undefined index: auto D:\Projects\TPecommerce\amon\Library\Think\Model.class.php 第 1128 行.
NOTIC: [8] Undefined index: validate D:\Projects\TPecommerce\amon\Library\Think\Model.class.php 第 1185 行.
NOTIC: [8] Undefined index: member_name D:\Projects\TPecommerce\amon\Library\Think\Model.class.php 第 1294 行.
SQL: SELECT * FROM `eco_member` WHERE `member_name` = null LIMIT 1   [ RunTime:0.0002s ]
NOTIC: [8] Undefined index: sms_code D:\Projects\TPecommerce\amon\Library\Think\Model.class.php 第 1276 行.
NOTIC: [8] Undefined index: auto D:\Projects\TPecommerce\amon\Library\Think\Model.class.php 第 1128 行.

[ 2017-06-26T08:17:02+08:00 ] 127.0.0.1 /index.php/Home/Member/reset/member_id/1.html
INFO: [ app_init ] --START--
INFO: Run Behavior\BuildLiteBehavior [ RunTime:0.000012s ]
INFO: [ app_init ] --END-- [ RunTime:0.000404s ]
INFO: [ app_begin ] --START--
INFO: Run Behavior\ReadHtmlCacheBehavior [ RunTime:0.000455s ]
INFO: [ app_begin ] --END-- [ RunTime:0.000492s ]
SQL: SHOW COLUMNS FROM `eco_member` [ RunTime:0.0101s ]
NOTIC: [8] Undefined index: validate D:\Projects\TPecommerce\amon\Library\Think\Model.class.php 第 1185 行.
NOTIC: [8] Undefined index: member_name D:\Projects\TPecommerce\amon\Library\Think\Model.class.php 第 1294 行.
SQL: SELECT * FROM `eco_member` WHERE `member_name` = null LIMIT 1   [ RunTime:0.0003s ]
NOTIC: [8] Undefined index: sms_code D:\Projects\TPecommerce\amon\Library\Think\Model.class.php 第 1276 行.
NOTIC: [8] Undefined index: auto D:\Projects\TPecommerce\amon\Library\Think\Model.class.php 第 1128 行.
NOTIC: [8] Undefined index: validate D:\Projects\TPecommerce\amon\Library\Think\Model.class.php 第 1185 行.
NOTIC: [8] Undefined index: member_name D:\Projects\TPecommerce\amon\Library\Think\Model.class.php 第 1294 行.
SQL: SELECT * FROM `eco_member` WHERE `member_name` = null LIMIT 1   [ RunTime:0.0003s ]
NOTIC: [8] Undefined index: sms_code D:\Projects\TPecommerce\amon\Library\Think\Model.class.php 第 1276 行.
NOTIC: [8] Undefined index: auto D:\Projects\TPecommerce\amon\Library\Think\Model.class.php 第 1128 行.

[ 2017-06-26T08:17:03+08:00 ] 127.0.0.1 /index.php/Home/Member/reset/member_id/1.html
INFO: [ app_init ] --START--
INFO: Run Behavior\BuildLiteBehavior [ RunTime:0.000013s ]
INFO: [ app_init ] --END-- [ RunTime:0.000327s ]
INFO: [ app_begin ] --START--
INFO: Run Behavior\ReadHtmlCacheBehavior [ RunTime:0.000732s ]
INFO: [ app_begin ] --END-- [ RunTime:0.000791s ]
SQL: SHOW COLUMNS FROM `eco_member` [ RunTime:0.0168s ]
NOTIC: [8] Undefined index: validate D:\Projects\TPecommerce\amon\Library\Think\Model.class.php 第 1185 行.
NOTIC: [8] Undefined index: member_name D:\Projects\TPecommerce\amon\Library\Think\Model.class.php 第 1294 行.
SQL: SELECT * FROM `eco_member` WHERE `member_name` = null LIMIT 1   [ RunTime:0.0003s ]
NOTIC: [8] Undefined index: sms_code D:\Projects\TPecommerce\amon\Library\Think\Model.class.php 第 1276 行.
NOTIC: [8] Undefined index: auto D:\Projects\TPecommerce\amon\Library\Think\Model.class.php 第 1128 行.
NOTIC: [8] Undefined index: validate D:\Projects\TPecommerce\amon\Library\Think\Model.class.php 第 1185 行.
NOTIC: [8] Undefined index: member_name D:\Projects\TPecommerce\amon\Library\Think\Model.class.php 第 1294 行.
SQL: SELECT * FROM `eco_member` WHERE `member_name` = null LIMIT 1   [ RunTime:0.0003s ]
NOTIC: [8] Undefined index: sms_code D:\Projects\TPecommerce\amon\Library\Think\Model.class.php 第 1276 行.
NOTIC: [8] Undefined index: auto D:\Projects\TPecommerce\amon\Library\Think\Model.class.php 第 1128 行.

[ 2017-06-26T08:17:04+08:00 ] 127.0.0.1 /index.php/Home/Member/reset/member_id/1.html
INFO: [ app_init ] --START--
INFO: Run Behavior\BuildLiteBehavior [ RunTime:0.000011s ]
INFO: [ app_init ] --END-- [ RunTime:0.000325s ]
INFO: [ app_begin ] --START--
INFO: Run Behavior\ReadHtmlCacheBehavior [ RunTime:0.000495s ]
INFO: [ app_begin ] --END-- [ RunTime:0.000532s ]
SQL: SHOW COLUMNS FROM `eco_member` [ RunTime:0.0209s ]
INFO: [ view_parse ] --START--
INFO: [ template_filter ] --START--
INFO: Run Behavior\ContentReplaceBehavior [ RunTime:0.000095s ]
INFO: [ template_filter ] --END-- [ RunTime:0.000143s ]
NOTIC: [8] Undefined index: Home_is_login D:\Projects\TPecommerce\abcfoxfur\Runtime\Cache\Home\f44bc95b2e2ed87d926feb85bd5a5967.php 第 21 行.
INFO: Run Behavior\ParseTemplateBehavior [ RunTime:0.206735s ]
INFO: [ view_parse ] --END-- [ RunTime:0.206774s ]
INFO: [ view_filter ] --START--
INFO: Run Behavior\WriteHtmlCacheBehavior [ RunTime:0.021565s ]
INFO: [ view_filter ] --END-- [ RunTime:0.021607s ]
INFO: [ app_end ] --START--
INFO: Run Behavior\ShowPageTraceBehavior [ RunTime:0.007651s ]
INFO: [ app_end ] --END-- [ RunTime:0.007693s ]

[ 2017-06-26T08:17:09+08:00 ] 127.0.0.1 /index.php/Home/Member/reset/member_id/1.html
INFO: [ app_init ] --START--
INFO: Run Behavior\BuildLiteBehavior [ RunTime:0.000011s ]
INFO: [ app_init ] --END-- [ RunTime:0.000323s ]
INFO: [ app_begin ] --START--
INFO: Run Behavior\ReadHtmlCacheBehavior [ RunTime:0.000534s ]
INFO: [ app_begin ] --END-- [ RunTime:0.000573s ]
SQL: SHOW COLUMNS FROM `eco_member` [ RunTime:0.0149s ]
NOTIC: [8] Undefined index: validate D:\Projects\TPecommerce\amon\Library\Think\Model.class.php 第 1185 行.
NOTIC: [8] Undefined index: member_name D:\Projects\TPecommerce\amon\Library\Think\Model.class.php 第 1294 行.
SQL: SELECT * FROM `eco_member` WHERE `member_name` = null LIMIT 1   [ RunTime:0.0003s ]
NOTIC: [8] Undefined index: sms_code D:\Projects\TPecommerce\amon\Library\Think\Model.class.php 第 1276 行.
NOTIC: [8] Undefined index: auto D:\Projects\TPecommerce\amon\Library\Think\Model.class.php 第 1128 行.
NOTIC: [8] Undefined index: validate D:\Projects\TPecommerce\amon\Library\Think\Model.class.php 第 1185 行.
NOTIC: [8] Undefined index: member_name D:\Projects\TPecommerce\amon\Library\Think\Model.class.php 第 1294 行.
SQL: SELECT * FROM `eco_member` WHERE `member_name` = null LIMIT 1   [ RunTime:0.0003s ]
NOTIC: [8] Undefined index: sms_code D:\Projects\TPecommerce\amon\Library\Think\Model.class.php 第 1276 行.
NOTIC: [8] Undefined index: auto D:\Projects\TPecommerce\amon\Library\Think\Model.class.php 第 1128 行.

[ 2017-06-26T08:18:19+08:00 ] 127.0.0.1 /index.php/Home/Member/reset/member_id/1.html
INFO: [ app_init ] --START--
INFO: Run Behavior\BuildLiteBehavior [ RunTime:0.000013s ]
INFO: [ app_init ] --END-- [ RunTime:0.000499s ]
INFO: [ app_begin ] --START--
INFO: Run Behavior\ReadHtmlCacheBehavior [ RunTime:0.000524s ]
INFO: [ app_begin ] --END-- [ RunTime:0.000579s ]
SQL: SHOW COLUMNS FROM `eco_member` [ RunTime:0.0200s ]
NOTIC: [8] Undefined index: validate D:\Projects\TPecommerce\amon\Library\Think\Model.class.php 第 1185 行.
NOTIC: [8] Undefined index: member_name D:\Projects\TPecommerce\amon\Library\Think\Model.class.php 第 1294 行.
SQL: SELECT * FROM `eco_member` WHERE `member_name` = null LIMIT 1   [ RunTime:0.0003s ]
NOTIC: [8] Undefined index: sms_code D:\Projects\TPecommerce\amon\Library\Think\Model.class.php 第 1276 行.
NOTIC: [8] Undefined index: auto D:\Projects\TPecommerce\amon\Library\Think\Model.class.php 第 1128 行.
NOTIC: [8] Undefined index: validate D:\Projects\TPecommerce\amon\Library\Think\Model.class.php 第 1185 行.
NOTIC: [8] Undefined index: member_name D:\Projects\TPecommerce\amon\Library\Think\Model.class.php 第 1294 行.
SQL: SELECT * FROM `eco_member` WHERE `member_name` = null LIMIT 1   [ RunTime:0.0003s ]
NOTIC: [8] Undefined index: sms_code D:\Projects\TPecommerce\amon\Library\Think\Model.class.php 第 1276 行.
NOTIC: [8] Undefined index: auto D:\Projects\TPecommerce\amon\Library\Think\Model.class.php 第 1128 行.

[ 2017-06-26T08:18:20+08:00 ] 127.0.0.1 /index.php/Home/Member/reset/member_id/1.html
INFO: [ app_init ] --START--
INFO: Run Behavior\BuildLiteBehavior [ RunTime:0.000087s ]
INFO: [ app_init ] --END-- [ RunTime:0.000767s ]
INFO: [ app_begin ] --START--
INFO: Run Behavior\ReadHtmlCacheBehavior [ RunTime:0.000583s ]
INFO: [ app_begin ] --END-- [ RunTime:0.000634s ]
SQL: SHOW COLUMNS FROM `eco_member` [ RunTime:0.0169s ]
NOTIC: [8] Undefined index: validate D:\Projects\TPecommerce\amon\Library\Think\Model.class.php 第 1185 行.
NOTIC: [8] Undefined index: member_name D:\Projects\TPecommerce\amon\Library\Think\Model.class.php 第 1294 行.
SQL: SELECT * FROM `eco_member` WHERE `member_name` = null LIMIT 1   [ RunTime:0.0003s ]
NOTIC: [8] Undefined index: sms_code D:\Projects\TPecommerce\amon\Library\Think\Model.class.php 第 1276 行.
NOTIC: [8] Undefined index: auto D:\Projects\TPecommerce\amon\Library\Think\Model.class.php 第 1128 行.
NOTIC: [8] Undefined index: validate D:\Projects\TPecommerce\amon\Library\Think\Model.class.php 第 1185 行.
NOTIC: [8] Undefined index: member_name D:\Projects\TPecommerce\amon\Library\Think\Model.class.php 第 1294 行.
SQL: SELECT * FROM `eco_member` WHERE `member_name` = null LIMIT 1   [ RunTime:0.0003s ]
NOTIC: [8] Undefined index: sms_code D:\Projects\TPecommerce\amon\Library\Think\Model.class.php 第 1276 行.
NOTIC: [8] Undefined index: auto D:\Projects\TPecommerce\amon\Library\Think\Model.class.php 第 1128 行.

[ 2017-06-26T08:18:20+08:00 ] 127.0.0.1 /index.php/Home/Member/reset/member_id/1.html
INFO: [ app_init ] --START--
INFO: Run Behavior\BuildLiteBehavior [ RunTime:0.000018s ]
INFO: [ app_init ] --END-- [ RunTime:0.000498s ]
INFO: [ app_begin ] --START--
INFO: Run Behavior\ReadHtmlCacheBehavior [ RunTime:0.000546s ]
INFO: [ app_begin ] --END-- [ RunTime:0.000594s ]
SQL: SHOW COLUMNS FROM `eco_member` [ RunTime:0.0112s ]
NOTIC: [8] Undefined index: validate D:\Projects\TPecommerce\amon\Library\Think\Model.class.php 第 1185 行.
NOTIC: [8] Undefined index: member_name D:\Projects\TPecommerce\amon\Library\Think\Model.class.php 第 1294 行.
SQL: SELECT * FROM `eco_member` WHERE `member_name` = null LIMIT 1   [ RunTime:0.0003s ]
NOTIC: [8] Undefined index: sms_code D:\Projects\TPecommerce\amon\Library\Think\Model.class.php 第 1276 行.
NOTIC: [8] Undefined index: auto D:\Projects\TPecommerce\amon\Library\Think\Model.class.php 第 1128 行.
NOTIC: [8] Undefined index: validate D:\Projects\TPecommerce\amon\Library\Think\Model.class.php 第 1185 行.
NOTIC: [8] Undefined index: member_name D:\Projects\TPecommerce\amon\Library\Think\Model.class.php 第 1294 行.
SQL: SELECT * FROM `eco_member` WHERE `member_name` = null LIMIT 1   [ RunTime:0.0002s ]
NOTIC: [8] Undefined index: sms_code D:\Projects\TPecommerce\amon\Library\Think\Model.class.php 第 1276 行.
NOTIC: [8] Undefined index: auto D:\Projects\TPecommerce\amon\Library\Think\Model.class.php 第 1128 行.

[ 2017-06-26T08:18:21+08:00 ] 127.0.0.1 /index.php/Home/Member/reset/member_id/1.html
INFO: [ app_init ] --START--
INFO: Run Behavior\BuildLiteBehavior [ RunTime:0.000012s ]
INFO: [ app_init ] --END-- [ RunTime:0.000313s ]
INFO: [ app_begin ] --START--
INFO: Run Behavior\ReadHtmlCacheBehavior [ RunTime:0.000531s ]
INFO: [ app_begin ] --END-- [ RunTime:0.000573s ]
SQL: SHOW COLUMNS FROM `eco_member` [ RunTime:0.0103s ]
NOTIC: [8] Undefined index: validate D:\Projects\TPecommerce\amon\Library\Think\Model.class.php 第 1185 行.
NOTIC: [8] Undefined index: member_name D:\Projects\TPecommerce\amon\Library\Think\Model.class.php 第 1294 行.
SQL: SELECT * FROM `eco_member` WHERE `member_name` = null LIMIT 1   [ RunTime:0.0003s ]
NOTIC: [8] Undefined index: sms_code D:\Projects\TPecommerce\amon\Library\Think\Model.class.php 第 1276 行.
NOTIC: [8] Undefined index: auto D:\Projects\TPecommerce\amon\Library\Think\Model.class.php 第 1128 行.
NOTIC: [8] Undefined index: validate D:\Projects\TPecommerce\amon\Library\Think\Model.class.php 第 1185 行.
NOTIC: [8] Undefined index: member_name D:\Projects\TPecommerce\amon\Library\Think\Model.class.php 第 1294 行.
SQL: SELECT * FROM `eco_member` WHERE `member_name` = null LIMIT 1   [ RunTime:0.0002s ]
NOTIC: [8] Undefined index: sms_code D:\Projects\TPecommerce\amon\Library\Think\Model.class.php 第 1276 行.
NOTIC: [8] Undefined index: auto D:\Projects\TPecommerce\amon\Library\Think\Model.class.php 第 1128 行.

[ 2017-06-26T08:18:21+08:00 ] 127.0.0.1 /index.php/Home/Member/reset/member_id/1.html
INFO: [ app_init ] --START--
INFO: Run Behavior\BuildLiteBehavior [ RunTime:0.000012s ]
INFO: [ app_init ] --END-- [ RunTime:0.000311s ]
INFO: [ app_begin ] --START--
INFO: Run Behavior\ReadHtmlCacheBehavior [ RunTime:0.000478s ]
INFO: [ app_begin ] --END-- [ RunTime:0.000516s ]
SQL: SHOW COLUMNS FROM `eco_member` [ RunTime:0.0163s ]
INFO: [ view_parse ] --START--
INFO: [ template_filter ] --START--
INFO: Run Behavior\ContentReplaceBehavior [ RunTime:0.000099s ]
INFO: [ template_filter ] --END-- [ RunTime:0.000163s ]
NOTIC: [8] Undefined index: Home_is_login D:\Projects\TPecommerce\abcfoxfur\Runtime\Cache\Home\f44bc95b2e2ed87d926feb85bd5a5967.php 第 21 行.
INFO: Run Behavior\ParseTemplateBehavior [ RunTime:0.008744s ]
INFO: [ view_parse ] --END-- [ RunTime:0.008791s ]
INFO: [ view_filter ] --START--
INFO: Run Behavior\WriteHtmlCacheBehavior [ RunTime:0.000407s ]
INFO: [ view_filter ] --END-- [ RunTime:0.000435s ]
INFO: [ app_end ] --START--
INFO: Run Behavior\ShowPageTraceBehavior [ RunTime:0.000604s ]
INFO: [ app_end ] --END-- [ RunTime:0.000635s ]

[ 2017-06-26T08:18:27+08:00 ] 127.0.0.1 /index.php/Home/Member/reset/member_id/1.html
INFO: [ app_init ] --START--
INFO: Run Behavior\BuildLiteBehavior [ RunTime:0.000010s ]
INFO: [ app_init ] --END-- [ RunTime:0.000379s ]
INFO: [ app_begin ] --START--
INFO: Run Behavior\ReadHtmlCacheBehavior [ RunTime:0.000539s ]
INFO: [ app_begin ] --END-- [ RunTime:0.000578s ]
SQL: SHOW COLUMNS FROM `eco_member` [ RunTime:0.0158s ]
NOTIC: [8] Undefined index: validate D:\Projects\TPecommerce\amon\Library\Think\Model.class.php 第 1185 行.
NOTIC: [8] Undefined index: member_name D:\Projects\TPecommerce\amon\Library\Think\Model.class.php 第 1294 行.
SQL: SELECT * FROM `eco_member` WHERE `member_name` = null LIMIT 1   [ RunTime:0.0003s ]
NOTIC: [8] Undefined index: sms_code D:\Projects\TPecommerce\amon\Library\Think\Model.class.php 第 1276 行.
NOTIC: [8] Undefined index: auto D:\Projects\TPecommerce\amon\Library\Think\Model.class.php 第 1128 行.
NOTIC: [8] Undefined index: validate D:\Projects\TPecommerce\amon\Library\Think\Model.class.php 第 1185 行.
NOTIC: [8] Undefined index: member_name D:\Projects\TPecommerce\amon\Library\Think\Model.class.php 第 1294 行.
SQL: SELECT * FROM `eco_member` WHERE `member_name` = null LIMIT 1   [ RunTime:0.0002s ]
NOTIC: [8] Undefined index: sms_code D:\Projects\TPecommerce\amon\Library\Think\Model.class.php 第 1276 行.
NOTIC: [8] Undefined index: auto D:\Projects\TPecommerce\amon\Library\Think\Model.class.php 第 1128 行.

[ 2017-06-26T08:18:39+08:00 ] 127.0.0.1 /index.php/Home/Member/reset/member_id/1.html
INFO: [ app_init ] --START--
INFO: Run Behavior\BuildLiteBehavior [ RunTime:0.000012s ]
INFO: [ app_init ] --END-- [ RunTime:0.000424s ]
INFO: [ app_begin ] --START--
INFO: Run Behavior\ReadHtmlCacheBehavior [ RunTime:0.000528s ]
INFO: [ app_begin ] --END-- [ RunTime:0.000587s ]
SQL: SHOW COLUMNS FROM `eco_member` [ RunTime:0.0156s ]
INFO: [ view_parse ] --START--
INFO: [ template_filter ] --START--
INFO: Run Behavior\ContentReplaceBehavior [ RunTime:0.000063s ]
INFO: [ template_filter ] --END-- [ RunTime:0.000101s ]
NOTIC: [8] Undefined index: Home_is_login D:\Projects\TPecommerce\abcfoxfur\Runtime\Cache\Home\f44bc95b2e2ed87d926feb85bd5a5967.php 第 21 行.
INFO: Run Behavior\ParseTemplateBehavior [ RunTime:0.007736s ]
INFO: [ view_parse ] --END-- [ RunTime:0.007775s ]
INFO: [ view_filter ] --START--
INFO: Run Behavior\WriteHtmlCacheBehavior [ RunTime:0.000382s ]
INFO: [ view_filter ] --END-- [ RunTime:0.000410s ]
INFO: [ app_end ] --START--
INFO: Run Behavior\ShowPageTraceBehavior [ RunTime:0.000691s ]
INFO: [ app_end ] --END-- [ RunTime:0.000730s ]

[ 2017-06-26T08:18:45+08:00 ] 127.0.0.1 /index.php/Home/Member/reset/member_id/1.html
INFO: [ app_init ] --START--
INFO: Run Behavior\BuildLiteBehavior [ RunTime:0.000011s ]
INFO: [ app_init ] --END-- [ RunTime:0.000327s ]
INFO: [ app_begin ] --START--
INFO: Run Behavior\ReadHtmlCacheBehavior [ RunTime:0.000587s ]
INFO: [ app_begin ] --END-- [ RunTime:0.000626s ]
SQL: SHOW COLUMNS FROM `eco_member` [ RunTime:0.0161s ]
INFO: [ view_parse ] --START--
INFO: [ template_filter ] --START--
INFO: Run Behavior\ContentReplaceBehavior [ RunTime:0.000063s ]
INFO: [ template_filter ] --END-- [ RunTime:0.000101s ]
NOTIC: [8] Undefined index: Home_is_login D:\Projects\TPecommerce\abcfoxfur\Runtime\Cache\Home\f44bc95b2e2ed87d926feb85bd5a5967.php 第 21 行.
INFO: Run Behavior\ParseTemplateBehavior [ RunTime:0.007308s ]
INFO: [ view_parse ] --END-- [ RunTime:0.007348s ]
INFO: [ view_filter ] --START--
INFO: Run Behavior\WriteHtmlCacheBehavior [ RunTime:0.000326s ]
INFO: [ view_filter ] --END-- [ RunTime:0.000356s ]
INFO: [ app_end ] --START--
INFO: Run Behavior\ShowPageTraceBehavior [ RunTime:0.000688s ]
INFO: [ app_end ] --END-- [ RunTime:0.000721s ]

[ 2017-06-26T08:18:50+08:00 ] 127.0.0.1 /index.php/Home/Member/reset/member_id/1.html
INFO: [ app_init ] --START--
INFO: Run Behavior\BuildLiteBehavior [ RunTime:0.000011s ]
INFO: [ app_init ] --END-- [ RunTime:0.000322s ]
INFO: [ app_begin ] --START--
INFO: Run Behavior\ReadHtmlCacheBehavior [ RunTime:0.000581s ]
INFO: [ app_begin ] --END-- [ RunTime:0.000620s ]
SQL: SHOW COLUMNS FROM `eco_member` [ RunTime:0.0173s ]
NOTIC: [8] Undefined index: validate D:\Projects\TPecommerce\amon\Library\Think\Model.class.php 第 1185 行.
NOTIC: [8] Undefined index: member_name D:\Projects\TPecommerce\amon\Library\Think\Model.class.php 第 1294 行.
SQL: SELECT * FROM `eco_member` WHERE `member_name` = null LIMIT 1   [ RunTime:0.0003s ]
NOTIC: [8] Undefined index: sms_code D:\Projects\TPecommerce\amon\Library\Think\Model.class.php 第 1276 行.
NOTIC: [8] Undefined index: auto D:\Projects\TPecommerce\amon\Library\Think\Model.class.php 第 1128 行.
NOTIC: [8] Undefined index: validate D:\Projects\TPecommerce\amon\Library\Think\Model.class.php 第 1185 行.
NOTIC: [8] Undefined index: member_name D:\Projects\TPecommerce\amon\Library\Think\Model.class.php 第 1294 行.
SQL: SELECT * FROM `eco_member` WHERE `member_name` = null LIMIT 1   [ RunTime:0.0002s ]
NOTIC: [8] Undefined index: sms_code D:\Projects\TPecommerce\amon\Library\Think\Model.class.php 第 1276 行.
NOTIC: [8] Undefined index: auto D:\Projects\TPecommerce\amon\Library\Think\Model.class.php 第 1128 行.

[ 2017-06-26T08:19:18+08:00 ] 127.0.0.1 /index.php/Home/Member/reset/member_id/1.html
INFO: [ app_init ] --START--
INFO: Run Behavior\BuildLiteBehavior [ RunTime:0.000011s ]
INFO: [ app_init ] --END-- [ RunTime:0.000337s ]
INFO: [ app_begin ] --START--
INFO: Run Behavior\ReadHtmlCacheBehavior [ RunTime:0.000517s ]
INFO: [ app_begin ] --END-- [ RunTime:0.000556s ]
SQL: SHOW COLUMNS FROM `eco_member` [ RunTime:0.0159s ]
INFO: [ view_parse ] --START--
INFO: [ template_filter ] --START--
INFO: Run Behavior\ContentReplaceBehavior [ RunTime:0.000078s ]
INFO: [ template_filter ] --END-- [ RunTime:0.000120s ]
NOTIC: [8] Undefined index: Home_is_login D:\Projects\TPecommerce\abcfoxfur\Runtime\Cache\Home\f44bc95b2e2ed87d926feb85bd5a5967.php 第 21 行.
INFO: Run Behavior\ParseTemplateBehavior [ RunTime:0.008026s ]
INFO: [ view_parse ] --END-- [ RunTime:0.008064s ]
INFO: [ view_filter ] --START--
INFO: Run Behavior\WriteHtmlCacheBehavior [ RunTime:0.000354s ]
INFO: [ view_filter ] --END-- [ RunTime:0.000382s ]
INFO: [ app_end ] --START--
INFO: Run Behavior\ShowPageTraceBehavior [ RunTime:0.000641s ]
INFO: [ app_end ] --END-- [ RunTime:0.000671s ]

[ 2017-06-26T08:19:21+08:00 ] 127.0.0.1 /index.php/Home/Member/reset/member_id/1.html
INFO: [ app_init ] --START--
INFO: Run Behavior\BuildLiteBehavior [ RunTime:0.000012s ]
INFO: [ app_init ] --END-- [ RunTime:0.000369s ]
INFO: [ app_begin ] --START--
INFO: Run Behavior\ReadHtmlCacheBehavior [ RunTime:0.000459s ]
INFO: [ app_begin ] --END-- [ RunTime:0.000500s ]
SQL: SHOW COLUMNS FROM `eco_member` [ RunTime:0.0158s ]
NOTIC: [8] Undefined index: validate D:\Projects\TPecommerce\amon\Library\Think\Model.class.php 第 1185 行.
NOTIC: [8] Undefined index: member_name D:\Projects\TPecommerce\amon\Library\Think\Model.class.php 第 1294 行.
SQL: SELECT * FROM `eco_member` WHERE `member_name` = null LIMIT 1   [ RunTime:0.0003s ]
NOTIC: [8] Undefined index: sms_code D:\Projects\TPecommerce\amon\Library\Think\Model.class.php 第 1276 行.
NOTIC: [8] Undefined index: auto D:\Projects\TPecommerce\amon\Library\Think\Model.class.php 第 1128 行.
NOTIC: [8] Undefined index: validate D:\Projects\TPecommerce\amon\Library\Think\Model.class.php 第 1185 行.
NOTIC: [8] Undefined index: member_name D:\Projects\TPecommerce\amon\Library\Think\Model.class.php 第 1294 行.
SQL: SELECT * FROM `eco_member` WHERE `member_name` = null LIMIT 1   [ RunTime:0.0003s ]
NOTIC: [8] Undefined index: sms_code D:\Projects\TPecommerce\amon\Library\Think\Model.class.php 第 1276 行.
NOTIC: [8] Undefined index: auto D:\Projects\TPecommerce\amon\Library\Think\Model.class.php 第 1128 行.

[ 2017-06-26T08:19:24+08:00 ] 127.0.0.1 /index.php/Home/Member/reset/member_id/1.html
INFO: [ app_init ] --START--
INFO: Run Behavior\BuildLiteBehavior [ RunTime:0.000011s ]
INFO: [ app_init ] --END-- [ RunTime:0.000317s ]
INFO: [ app_begin ] --START--
INFO: Run Behavior\ReadHtmlCacheBehavior [ RunTime:0.000501s ]
INFO: [ app_begin ] --END-- [ RunTime:0.000539s ]
SQL: SHOW COLUMNS FROM `eco_member` [ RunTime:0.0158s ]
INFO: [ view_parse ] --START--
INFO: [ template_filter ] --START--
INFO: Run Behavior\ContentReplaceBehavior [ RunTime:0.000064s ]
INFO: [ template_filter ] --END-- [ RunTime:0.000105s ]
NOTIC: [8] Undefined index: Home_is_login D:\Projects\TPecommerce\abcfoxfur\Runtime\Cache\Home\f44bc95b2e2ed87d926feb85bd5a5967.php 第 21 行.
INFO: Run Behavior\ParseTemplateBehavior [ RunTime:0.007646s ]
INFO: [ view_parse ] --END-- [ RunTime:0.007683s ]
INFO: [ view_filter ] --START--
INFO: Run Behavior\WriteHtmlCacheBehavior [ RunTime:0.000348s ]
INFO: [ view_filter ] --END-- [ RunTime:0.000377s ]
INFO: [ app_end ] --START--
INFO: Run Behavior\ShowPageTraceBehavior [ RunTime:0.000620s ]
INFO: [ app_end ] --END-- [ RunTime:0.000650s ]

[ 2017-06-26T08:19:28+08:00 ] 127.0.0.1 /index.php/Home/Member/reset/member_id/1.html
INFO: [ app_init ] --START--
INFO: Run Behavior\BuildLiteBehavior [ RunTime:0.000015s ]
INFO: [ app_init ] --END-- [ RunTime:0.000295s ]
INFO: [ app_begin ] --START--
INFO: Run Behavior\ReadHtmlCacheBehavior [ RunTime:0.000494s ]
INFO: [ app_begin ] --END-- [ RunTime:0.000533s ]
SQL: SHOW COLUMNS FROM `eco_member` [ RunTime:0.0146s ]
NOTIC: [8] Undefined index: validate D:\Projects\TPecommerce\amon\Library\Think\Model.class.php 第 1185 行.
NOTIC: [8] Undefined index: member_name D:\Projects\TPecommerce\amon\Library\Think\Model.class.php 第 1294 行.
SQL: SELECT * FROM `eco_member` WHERE `member_name` = null LIMIT 1   [ RunTime:0.0003s ]
NOTIC: [8] Undefined index: sms_code D:\Projects\TPecommerce\amon\Library\Think\Model.class.php 第 1276 行.
NOTIC: [8] Undefined index: auto D:\Projects\TPecommerce\amon\Library\Think\Model.class.php 第 1128 行.
NOTIC: [8] Undefined index: validate D:\Projects\TPecommerce\amon\Library\Think\Model.class.php 第 1185 行.
NOTIC: [8] Undefined index: member_name D:\Projects\TPecommerce\amon\Library\Think\Model.class.php 第 1294 行.
SQL: SELECT * FROM `eco_member` WHERE `member_name` = null LIMIT 1   [ RunTime:0.0003s ]
NOTIC: [8] Undefined index: sms_code D:\Projects\TPecommerce\amon\Library\Think\Model.class.php 第 1276 行.
NOTIC: [8] Undefined index: auto D:\Projects\TPecommerce\amon\Library\Think\Model.class.php 第 1128 行.

[ 2017-06-26T08:19:29+08:00 ] 127.0.0.1 /index.php/Home/Member/reset/member_id/1.html
INFO: [ app_init ] --START--
INFO: Run Behavior\BuildLiteBehavior [ RunTime:0.000014s ]
INFO: [ app_init ] --END-- [ RunTime:0.000350s ]
INFO: [ app_begin ] --START--
INFO: Run Behavior\ReadHtmlCacheBehavior [ RunTime:0.000579s ]
INFO: [ app_begin ] --END-- [ RunTime:0.000639s ]
SQL: SHOW COLUMNS FROM `eco_member` [ RunTime:0.0168s ]
INFO: [ view_parse ] --START--
INFO: [ template_filter ] --START--
INFO: Run Behavior\ContentReplaceBehavior [ RunTime:0.000066s ]
INFO: [ template_filter ] --END-- [ RunTime:0.000107s ]
NOTIC: [8] Undefined index: Home_is_login D:\Projects\TPecommerce\abcfoxfur\Runtime\Cache\Home\f44bc95b2e2ed87d926feb85bd5a5967.php 第 21 行.
INFO: Run Behavior\ParseTemplateBehavior [ RunTime:0.009128s ]
INFO: [ view_parse ] --END-- [ RunTime:0.009167s ]
INFO: [ view_filter ] --START--
INFO: Run Behavior\WriteHtmlCacheBehavior [ RunTime:0.000337s ]
INFO: [ view_filter ] --END-- [ RunTime:0.000367s ]
INFO: [ app_end ] --START--
INFO: Run Behavior\ShowPageTraceBehavior [ RunTime:0.000633s ]
INFO: [ app_end ] --END-- [ RunTime:0.000663s ]

[ 2017-06-26T08:19:38+08:00 ] 127.0.0.1 /index.php/Home/Member/reset/member_id/1.html
INFO: [ app_init ] --START--
INFO: Run Behavior\BuildLiteBehavior [ RunTime:0.000010s ]
INFO: [ app_init ] --END-- [ RunTime:0.000336s ]
INFO: [ app_begin ] --START--
INFO: Run Behavior\ReadHtmlCacheBehavior [ RunTime:0.000536s ]
INFO: [ app_begin ] --END-- [ RunTime:0.000575s ]
SQL: SHOW COLUMNS FROM `eco_member` [ RunTime:0.0151s ]
NOTIC: [8] Undefined index: validate D:\Projects\TPecommerce\amon\Library\Think\Model.class.php 第 1185 行.
NOTIC: [8] Undefined index: member_name D:\Projects\TPecommerce\amon\Library\Think\Model.class.php 第 1294 行.
SQL: SELECT * FROM `eco_member` WHERE `member_name` = null LIMIT 1   [ RunTime:0.0003s ]
NOTIC: [8] Undefined index: sms_code D:\Projects\TPecommerce\amon\Library\Think\Model.class.php 第 1276 行.
NOTIC: [8] Undefined index: auto D:\Projects\TPecommerce\amon\Library\Think\Model.class.php 第 1128 行.
INFO: [ view_parse ] --START--
INFO: [ template_filter ] --START--
INFO: Run Behavior\ContentReplaceBehavior [ RunTime:0.000039s ]
INFO: [ template_filter ] --END-- [ RunTime:0.000079s ]
INFO: Run Behavior\ParseTemplateBehavior [ RunTime:0.024546s ]
INFO: [ view_parse ] --END-- [ RunTime:0.024619s ]
INFO: [ view_filter ] --START--
INFO: Run Behavior\WriteHtmlCacheBehavior [ RunTime:0.000468s ]
INFO: [ view_filter ] --END-- [ RunTime:0.000509s ]

[ 2017-06-26T08:19:39+08:00 ] 127.0.0.1 /index.php/Home/Member/reset/member_id/1.html
INFO: [ app_init ] --START--
INFO: Run Behavior\BuildLiteBehavior [ RunTime:0.000018s ]
INFO: [ app_init ] --END-- [ RunTime:0.000485s ]
INFO: [ app_begin ] --START--
INFO: Run Behavior\ReadHtmlCacheBehavior [ RunTime:0.000791s ]
INFO: [ app_begin ] --END-- [ RunTime:0.000866s ]
SQL: SHOW COLUMNS FROM `eco_member` [ RunTime:0.0189s ]
INFO: [ view_parse ] --START--
INFO: [ template_filter ] --START--
INFO: Run Behavior\ContentReplaceBehavior [ RunTime:0.000071s ]
INFO: [ template_filter ] --END-- [ RunTime:0.000120s ]
NOTIC: [8] Undefined index: Home_is_login D:\Projects\TPecommerce\abcfoxfur\Runtime\Cache\Home\f44bc95b2e2ed87d926feb85bd5a5967.php 第 21 行.
INFO: Run Behavior\ParseTemplateBehavior [ RunTime:0.010229s ]
INFO: [ view_parse ] --END-- [ RunTime:0.010294s ]
INFO: [ view_filter ] --START--
INFO: Run Behavior\WriteHtmlCacheBehavior [ RunTime:0.000509s ]
INFO: [ view_filter ] --END-- [ RunTime:0.000550s ]
INFO: [ app_end ] --START--
INFO: Run Behavior\ShowPageTraceBehavior [ RunTime:0.000677s ]
INFO: [ app_end ] --END-- [ RunTime:0.000727s ]

[ 2017-06-26T08:19:48+08:00 ] 127.0.0.1 /index.php/Home/Member/reset/member_id/1.html
INFO: [ app_init ] --START--
INFO: Run Behavior\BuildLiteBehavior [ RunTime:0.000011s ]
INFO: [ app_init ] --END-- [ RunTime:0.000320s ]
INFO: [ app_begin ] --START--
INFO: Run Behavior\ReadHtmlCacheBehavior [ RunTime:0.000579s ]
INFO: [ app_begin ] --END-- [ RunTime:0.000618s ]
SQL: SHOW COLUMNS FROM `eco_member` [ RunTime:0.0178s ]
NOTIC: [8] Undefined index: validate D:\Projects\TPecommerce\amon\Library\Think\Model.class.php 第 1185 行.
NOTIC: [8] Undefined index: member_name D:\Projects\TPecommerce\amon\Library\Think\Model.class.php 第 1294 行.
SQL: SELECT * FROM `eco_member` WHERE `member_name` = null LIMIT 1   [ RunTime:0.0003s ]
NOTIC: [8] Undefined index: sms_code D:\Projects\TPecommerce\amon\Library\Think\Model.class.php 第 1276 行.
NOTIC: [8] Undefined index: auto D:\Projects\TPecommerce\amon\Library\Think\Model.class.php 第 1128 行.
NOTIC: [8] Undefined index: validate D:\Projects\TPecommerce\amon\Library\Think\Model.class.php 第 1185 行.
NOTIC: [8] Undefined index: member_name D:\Projects\TPecommerce\amon\Library\Think\Model.class.php 第 1294 行.
SQL: SELECT * FROM `eco_member` WHERE `member_name` = null LIMIT 1   [ RunTime:0.0003s ]
NOTIC: [8] Undefined index: sms_code D:\Projects\TPecommerce\amon\Library\Think\Model.class.php 第 1276 行.
NOTIC: [8] Undefined index: auto D:\Projects\TPecommerce\amon\Library\Think\Model.class.php 第 1128 行.

[ 2017-06-26T08:20:06+08:00 ] 127.0.0.1 /index.php/Home/Member/reset/member_id/1.html
INFO: [ app_init ] --START--
INFO: Run Behavior\BuildLiteBehavior [ RunTime:0.000013s ]
INFO: [ app_init ] --END-- [ RunTime:0.000400s ]
INFO: [ app_begin ] --START--
INFO: Run Behavior\ReadHtmlCacheBehavior [ RunTime:0.000531s ]
INFO: [ app_begin ] --END-- [ RunTime:0.000584s ]
SQL: SHOW COLUMNS FROM `eco_member` [ RunTime:0.0165s ]
NOTIC: [8] Undefined index: validate D:\Projects\TPecommerce\amon\Library\Think\Model.class.php 第 1185 行.
NOTIC: [8] Undefined index: member_name D:\Projects\TPecommerce\amon\Library\Think\Model.class.php 第 1294 行.
SQL: SELECT * FROM `eco_member` WHERE `member_name` = null LIMIT 1   [ RunTime:0.0003s ]
NOTIC: [8] Undefined index: sms_code D:\Projects\TPecommerce\amon\Library\Think\Model.class.php 第 1276 行.
NOTIC: [8] Undefined index: auto D:\Projects\TPecommerce\amon\Library\Think\Model.class.php 第 1128 行.

[ 2017-06-26T08:20:57+08:00 ] 127.0.0.1 /index.php/Home/Member/reset/member_id/1.html
INFO: [ app_init ] --START--
INFO: Run Behavior\BuildLiteBehavior [ RunTime:0.000027s ]
INFO: [ app_init ] --END-- [ RunTime:0.000548s ]
INFO: [ app_begin ] --START--
INFO: Run Behavior\ReadHtmlCacheBehavior [ RunTime:0.000487s ]
INFO: [ app_begin ] --END-- [ RunTime:0.000529s ]
SQL: SHOW COLUMNS FROM `eco_member` [ RunTime:0.0174s ]
NOTIC: [8] Undefined index: validate D:\Projects\TPecommerce\amon\Library\Think\Model.class.php 第 1185 行.
NOTIC: [8] Undefined index: member_name D:\Projects\TPecommerce\amon\Library\Think\Model.class.php 第 1294 行.
SQL: SELECT * FROM `eco_member` WHERE `member_name` = null LIMIT 1   [ RunTime:0.0003s ]
NOTIC: [8] Undefined index: sms_code D:\Projects\TPecommerce\amon\Library\Think\Model.class.php 第 1276 行.
NOTIC: [8] Undefined index: auto D:\Projects\TPecommerce\amon\Library\Think\Model.class.php 第 1128 行.

[ 2017-06-26T08:21:19+08:00 ] 127.0.0.1 /index.php/Home/Member/reset/member_id/1.html
INFO: [ app_init ] --START--
INFO: Run Behavior\BuildLiteBehavior [ RunTime:0.000019s ]
INFO: [ app_init ] --END-- [ RunTime:0.000597s ]
INFO: [ app_begin ] --START--
INFO: Run Behavior\ReadHtmlCacheBehavior [ RunTime:0.000934s ]
INFO: [ app_begin ] --END-- [ RunTime:0.001092s ]
SQL: SHOW COLUMNS FROM `eco_member` [ RunTime:0.0145s ]
NOTIC: [8] Undefined index: validate D:\Projects\TPecommerce\amon\Library\Think\Model.class.php 第 1185 行.
NOTIC: [8] Undefined index: member_name D:\Projects\TPecommerce\amon\Library\Think\Model.class.php 第 1294 行.
SQL: SELECT * FROM `eco_member` WHERE `member_name` = null LIMIT 1   [ RunTime:0.0004s ]
NOTIC: [8] Undefined index: sms_code D:\Projects\TPecommerce\amon\Library\Think\Model.class.php 第 1276 行.
NOTIC: [8] Undefined index: auto D:\Projects\TPecommerce\amon\Library\Think\Model.class.php 第 1128 行.

[ 2017-06-26T08:21:20+08:00 ] 127.0.0.1 /index.php/Home/Member/reset/member_id/1.html
INFO: [ app_init ] --START--
INFO: Run Behavior\BuildLiteBehavior [ RunTime:0.000012s ]
INFO: [ app_init ] --END-- [ RunTime:0.000363s ]
INFO: [ app_begin ] --START--
INFO: Run Behavior\ReadHtmlCacheBehavior [ RunTime:0.000535s ]
INFO: [ app_begin ] --END-- [ RunTime:0.000585s ]
SQL: SHOW COLUMNS FROM `eco_member` [ RunTime:0.0159s ]
NOTIC: [8] Undefined index: validate D:\Projects\TPecommerce\amon\Library\Think\Model.class.php 第 1185 行.
NOTIC: [8] Undefined index: member_name D:\Projects\TPecommerce\amon\Library\Think\Model.class.php 第 1294 行.
SQL: SELECT * FROM `eco_member` WHERE `member_name` = null LIMIT 1   [ RunTime:0.0003s ]
NOTIC: [8] Undefined index: sms_code D:\Projects\TPecommerce\amon\Library\Think\Model.class.php 第 1276 行.
NOTIC: [8] Undefined index: auto D:\Projects\TPecommerce\amon\Library\Think\Model.class.php 第 1128 行.

[ 2017-06-26T08:21:20+08:00 ] 127.0.0.1 /index.php/Home/Member/reset/member_id/1.html
INFO: [ app_init ] --START--
INFO: Run Behavior\BuildLiteBehavior [ RunTime:0.000013s ]
INFO: [ app_init ] --END-- [ RunTime:0.000357s ]
INFO: [ app_begin ] --START--
INFO: Run Behavior\ReadHtmlCacheBehavior [ RunTime:0.000631s ]
INFO: [ app_begin ] --END-- [ RunTime:0.000682s ]
SQL: SHOW COLUMNS FROM `eco_member` [ RunTime:0.0109s ]
NOTIC: [8] Undefined index: validate D:\Projects\TPecommerce\amon\Library\Think\Model.class.php 第 1185 行.
NOTIC: [8] Undefined index: member_name D:\Projects\TPecommerce\amon\Library\Think\Model.class.php 第 1294 行.
SQL: SELECT * FROM `eco_member` WHERE `member_name` = null LIMIT 1   [ RunTime:0.0004s ]
NOTIC: [8] Undefined index: sms_code D:\Projects\TPecommerce\amon\Library\Think\Model.class.php 第 1276 行.
NOTIC: [8] Undefined index: auto D:\Projects\TPecommerce\amon\Library\Think\Model.class.php 第 1128 行.

[ 2017-06-26T08:21:22+08:00 ] 127.0.0.1 /index.php/Home/Member/reset/member_id/1.html
INFO: [ app_init ] --START--
INFO: Run Behavior\BuildLiteBehavior [ RunTime:0.000011s ]
INFO: [ app_init ] --END-- [ RunTime:0.000295s ]
INFO: [ app_begin ] --START--
INFO: Run Behavior\ReadHtmlCacheBehavior [ RunTime:0.000519s ]
INFO: [ app_begin ] --END-- [ RunTime:0.000570s ]
SQL: SHOW COLUMNS FROM `eco_member` [ RunTime:0.0154s ]
NOTIC: [8] Undefined index: validate D:\Projects\TPecommerce\amon\Library\Think\Model.class.php 第 1185 行.
NOTIC: [8] Undefined index: member_name D:\Projects\TPecommerce\amon\Library\Think\Model.class.php 第 1294 行.
SQL: SELECT * FROM `eco_member` WHERE `member_name` = null LIMIT 1   [ RunTime:0.0003s ]
NOTIC: [8] Undefined index: sms_code D:\Projects\TPecommerce\amon\Library\Think\Model.class.php 第 1276 行.
NOTIC: [8] Undefined index: auto D:\Projects\TPecommerce\amon\Library\Think\Model.class.php 第 1128 行.

[ 2017-06-26T08:21:22+08:00 ] 127.0.0.1 /index.php/Home/Member/reset/member_id/1.html
INFO: [ app_init ] --START--
INFO: Run Behavior\BuildLiteBehavior [ RunTime:0.000011s ]
INFO: [ app_init ] --END-- [ RunTime:0.000345s ]
INFO: [ app_begin ] --START--
INFO: Run Behavior\ReadHtmlCacheBehavior [ RunTime:0.000488s ]
INFO: [ app_begin ] --END-- [ RunTime:0.000525s ]
SQL: SHOW COLUMNS FROM `eco_member` [ RunTime:0.0154s ]
NOTIC: [8] Undefined index: validate D:\Projects\TPecommerce\amon\Library\Think\Model.class.php 第 1185 行.
NOTIC: [8] Undefined index: member_name D:\Projects\TPecommerce\amon\Library\Think\Model.class.php 第 1294 行.
SQL: SELECT * FROM `eco_member` WHERE `member_name` = null LIMIT 1   [ RunTime:0.0005s ]
NOTIC: [8] Undefined index: sms_code D:\Projects\TPecommerce\amon\Library\Think\Model.class.php 第 1276 行.
NOTIC: [8] Undefined index: auto D:\Projects\TPecommerce\amon\Library\Think\Model.class.php 第 1128 行.

[ 2017-06-26T08:21:22+08:00 ] 127.0.0.1 /index.php/Home/Member/reset/member_id/1.html
INFO: [ app_init ] --START--
INFO: Run Behavior\BuildLiteBehavior [ RunTime:0.000015s ]
INFO: [ app_init ] --END-- [ RunTime:0.000499s ]
INFO: [ app_begin ] --START--
INFO: Run Behavior\ReadHtmlCacheBehavior [ RunTime:0.000459s ]
INFO: [ app_begin ] --END-- [ RunTime:0.000496s ]
SQL: SHOW COLUMNS FROM `eco_member` [ RunTime:0.0107s ]
NOTIC: [8] Undefined index: validate D:\Projects\TPecommerce\amon\Library\Think\Model.class.php 第 1185 行.
NOTIC: [8] Undefined index: member_name D:\Projects\TPecommerce\amon\Library\Think\Model.class.php 第 1294 行.
SQL: SELECT * FROM `eco_member` WHERE `member_name` = null LIMIT 1   [ RunTime:0.0002s ]
NOTIC: [8] Undefined index: sms_code D:\Projects\TPecommerce\amon\Library\Think\Model.class.php 第 1276 行.
NOTIC: [8] Undefined index: auto D:\Projects\TPecommerce\amon\Library\Think\Model.class.php 第 1128 行.

[ 2017-06-26T08:21:23+08:00 ] 127.0.0.1 /index.php/Home/Member/reset/member_id/1.html
INFO: [ app_init ] --START--
INFO: Run Behavior\BuildLiteBehavior [ RunTime:0.000011s ]
INFO: [ app_init ] --END-- [ RunTime:0.000331s ]
INFO: [ app_begin ] --START--
INFO: Run Behavior\ReadHtmlCacheBehavior [ RunTime:0.000494s ]
INFO: [ app_begin ] --END-- [ RunTime:0.000532s ]
SQL: SHOW COLUMNS FROM `eco_member` [ RunTime:0.0152s ]
NOTIC: [8] Undefined index: validate D:\Projects\TPecommerce\amon\Library\Think\Model.class.php 第 1185 行.
NOTIC: [8] Undefined index: member_name D:\Projects\TPecommerce\amon\Library\Think\Model.class.php 第 1294 行.
SQL: SELECT * FROM `eco_member` WHERE `member_name` = null LIMIT 1   [ RunTime:0.0003s ]
NOTIC: [8] Undefined index: sms_code D:\Projects\TPecommerce\amon\Library\Think\Model.class.php 第 1276 行.
NOTIC: [8] Undefined index: auto D:\Projects\TPecommerce\amon\Library\Think\Model.class.php 第 1128 行.

[ 2017-06-26T08:21:23+08:00 ] 127.0.0.1 /index.php/Home/Member/reset/member_id/1.html
INFO: [ app_init ] --START--
INFO: Run Behavior\BuildLiteBehavior [ RunTime:0.000013s ]
INFO: [ app_init ] --END-- [ RunTime:0.000352s ]
INFO: [ app_begin ] --START--
INFO: Run Behavior\ReadHtmlCacheBehavior [ RunTime:0.000467s ]
INFO: [ app_begin ] --END-- [ RunTime:0.000505s ]
SQL: SHOW COLUMNS FROM `eco_member` [ RunTime:0.0092s ]
NOTIC: [8] Undefined index: validate D:\Projects\TPecommerce\amon\Library\Think\Model.class.php 第 1185 行.
NOTIC: [8] Undefined index: member_name D:\Projects\TPecommerce\amon\Library\Think\Model.class.php 第 1294 行.
SQL: SELECT * FROM `eco_member` WHERE `member_name` = null LIMIT 1   [ RunTime:0.0002s ]
NOTIC: [8] Undefined index: sms_code D:\Projects\TPecommerce\amon\Library\Think\Model.class.php 第 1276 行.
NOTIC: [8] Undefined index: auto D:\Projects\TPecommerce\amon\Library\Think\Model.class.php 第 1128 行.

[ 2017-06-26T08:21:23+08:00 ] 127.0.0.1 /index.php/Home/Member/reset/member_id/1.html
INFO: [ app_init ] --START--
INFO: Run Behavior\BuildLiteBehavior [ RunTime:0.000013s ]
INFO: [ app_init ] --END-- [ RunTime:0.000457s ]
INFO: [ app_begin ] --START--
INFO: Run Behavior\ReadHtmlCacheBehavior [ RunTime:0.000514s ]
INFO: [ app_begin ] --END-- [ RunTime:0.000565s ]
SQL: SHOW COLUMNS FROM `eco_member` [ RunTime:0.0106s ]
NOTIC: [8] Undefined index: validate D:\Projects\TPecommerce\amon\Library\Think\Model.class.php 第 1185 行.
NOTIC: [8] Undefined index: member_name D:\Projects\TPecommerce\amon\Library\Think\Model.class.php 第 1294 行.
SQL: SELECT * FROM `eco_member` WHERE `member_name` = null LIMIT 1   [ RunTime:0.0003s ]
NOTIC: [8] Undefined index: sms_code D:\Projects\TPecommerce\amon\Library\Think\Model.class.php 第 1276 行.
NOTIC: [8] Undefined index: auto D:\Projects\TPecommerce\amon\Library\Think\Model.class.php 第 1128 行.

[ 2017-06-26T08:21:27+08:00 ] 127.0.0.1 /index.php/Home/Member/reset/member_id/1.html
INFO: [ app_init ] --START--
INFO: Run Behavior\BuildLiteBehavior [ RunTime:0.000011s ]
INFO: [ app_init ] --END-- [ RunTime:0.000307s ]
INFO: [ app_begin ] --START--
INFO: Run Behavior\ReadHtmlCacheBehavior [ RunTime:0.000469s ]
INFO: [ app_begin ] --END-- [ RunTime:0.000508s ]
SQL: SHOW COLUMNS FROM `eco_member` [ RunTime:0.0150s ]
NOTIC: [8] Undefined index: validate D:\Projects\TPecommerce\amon\Library\Think\Model.class.php 第 1185 行.
NOTIC: [8] Undefined index: member_name D:\Projects\TPecommerce\amon\Library\Think\Model.class.php 第 1294 行.
SQL: SELECT * FROM `eco_member` WHERE `member_name` = null LIMIT 1   [ RunTime:0.0003s ]
NOTIC: [8] Undefined index: sms_code D:\Projects\TPecommerce\amon\Library\Think\Model.class.php 第 1276 行.
NOTIC: [8] Undefined index: auto D:\Projects\TPecommerce\amon\Library\Think\Model.class.php 第 1128 行.

[ 2017-06-26T08:21:27+08:00 ] 127.0.0.1 /index.php/Home/Member/reset/member_id/1.html
INFO: [ app_init ] --START--
INFO: Run Behavior\BuildLiteBehavior [ RunTime:0.000015s ]
INFO: [ app_init ] --END-- [ RunTime:0.000504s ]
INFO: [ app_begin ] --START--
INFO: Run Behavior\ReadHtmlCacheBehavior [ RunTime:0.000817s ]
INFO: [ app_begin ] --END-- [ RunTime:0.000898s ]
SQL: SHOW COLUMNS FROM `eco_member` [ RunTime:0.0103s ]
NOTIC: [8] Undefined index: validate D:\Projects\TPecommerce\amon\Library\Think\Model.class.php 第 1185 行.
NOTIC: [8] Undefined index: member_name D:\Projects\TPecommerce\amon\Library\Think\Model.class.php 第 1294 行.
SQL: SELECT * FROM `eco_member` WHERE `member_name` = null LIMIT 1   [ RunTime:0.0004s ]
NOTIC: [8] Undefined index: sms_code D:\Projects\TPecommerce\amon\Library\Think\Model.class.php 第 1276 行.
NOTIC: [8] Undefined index: auto D:\Projects\TPecommerce\amon\Library\Think\Model.class.php 第 1128 行.

[ 2017-06-26T08:21:28+08:00 ] 127.0.0.1 /index.php/Home/Member/reset/member_id/1.html
INFO: [ app_init ] --START--
INFO: Run Behavior\BuildLiteBehavior [ RunTime:0.000012s ]
INFO: [ app_init ] --END-- [ RunTime:0.000291s ]
INFO: [ app_begin ] --START--
INFO: Run Behavior\ReadHtmlCacheBehavior [ RunTime:0.000454s ]
INFO: [ app_begin ] --END-- [ RunTime:0.000506s ]
SQL: SHOW COLUMNS FROM `eco_member` [ RunTime:0.0153s ]
NOTIC: [8] Undefined index: validate D:\Projects\TPecommerce\amon\Library\Think\Model.class.php 第 1185 行.
NOTIC: [8] Undefined index: member_name D:\Projects\TPecommerce\amon\Library\Think\Model.class.php 第 1294 行.
SQL: SELECT * FROM `eco_member` WHERE `member_name` = null LIMIT 1   [ RunTime:0.0003s ]
NOTIC: [8] Undefined index: sms_code D:\Projects\TPecommerce\amon\Library\Think\Model.class.php 第 1276 行.
NOTIC: [8] Undefined index: auto D:\Projects\TPecommerce\amon\Library\Think\Model.class.php 第 1128 行.

[ 2017-06-26T08:21:29+08:00 ] 127.0.0.1 /index.php/Home/Member/reset/member_id/1.html
INFO: [ app_init ] --START--
INFO: Run Behavior\BuildLiteBehavior [ RunTime:0.000010s ]
INFO: [ app_init ] --END-- [ RunTime:0.000291s ]
INFO: [ app_begin ] --START--
INFO: Run Behavior\ReadHtmlCacheBehavior [ RunTime:0.000586s ]
INFO: [ app_begin ] --END-- [ RunTime:0.000664s ]
SQL: SHOW COLUMNS FROM `eco_member` [ RunTime:0.0149s ]
NOTIC: [8] Undefined index: validate D:\Projects\TPecommerce\amon\Library\Think\Model.class.php 第 1185 行.
NOTIC: [8] Undefined index: member_name D:\Projects\TPecommerce\amon\Library\Think\Model.class.php 第 1294 行.
SQL: SELECT * FROM `eco_member` WHERE `member_name` = null LIMIT 1   [ RunTime:0.0003s ]
NOTIC: [8] Undefined index: sms_code D:\Projects\TPecommerce\amon\Library\Think\Model.class.php 第 1276 行.
NOTIC: [8] Undefined index: auto D:\Projects\TPecommerce\amon\Library\Think\Model.class.php 第 1128 行.

[ 2017-06-26T08:21:29+08:00 ] 127.0.0.1 /index.php/Home/Member/reset/member_id/1.html
INFO: [ app_init ] --START--
INFO: Run Behavior\BuildLiteBehavior [ RunTime:0.000012s ]
INFO: [ app_init ] --END-- [ RunTime:0.000329s ]
INFO: [ app_begin ] --START--
INFO: Run Behavior\ReadHtmlCacheBehavior [ RunTime:0.000681s ]
INFO: [ app_begin ] --END-- [ RunTime:0.000777s ]
SQL: SHOW COLUMNS FROM `eco_member` [ RunTime:0.0111s ]
NOTIC: [8] Undefined index: validate D:\Projects\TPecommerce\amon\Library\Think\Model.class.php 第 1185 行.
NOTIC: [8] Undefined index: member_name D:\Projects\TPecommerce\amon\Library\Think\Model.class.php 第 1294 行.
SQL: SELECT * FROM `eco_member` WHERE `member_name` = null LIMIT 1   [ RunTime:0.0003s ]
NOTIC: [8] Undefined index: sms_code D:\Projects\TPecommerce\amon\Library\Think\Model.class.php 第 1276 行.
NOTIC: [8] Undefined index: auto D:\Projects\TPecommerce\amon\Library\Think\Model.class.php 第 1128 行.

[ 2017-06-26T08:21:30+08:00 ] 127.0.0.1 /index.php/Home/Member/reset/member_id/1.html
INFO: [ app_init ] --START--
INFO: Run Behavior\BuildLiteBehavior [ RunTime:0.000011s ]
INFO: [ app_init ] --END-- [ RunTime:0.000310s ]
INFO: [ app_begin ] --START--
INFO: Run Behavior\ReadHtmlCacheBehavior [ RunTime:0.000473s ]
INFO: [ app_begin ] --END-- [ RunTime:0.000512s ]
SQL: SHOW COLUMNS FROM `eco_member` [ RunTime:0.0159s ]
NOTIC: [8] Undefined index: validate D:\Projects\TPecommerce\amon\Library\Think\Model.class.php 第 1185 行.
NOTIC: [8] Undefined index: member_name D:\Projects\TPecommerce\amon\Library\Think\Model.class.php 第 1294 行.
SQL: SELECT * FROM `eco_member` WHERE `member_name` = null LIMIT 1   [ RunTime:0.0003s ]
NOTIC: [8] Undefined index: sms_code D:\Projects\TPecommerce\amon\Library\Think\Model.class.php 第 1276 行.
NOTIC: [8] Undefined index: auto D:\Projects\TPecommerce\amon\Library\Think\Model.class.php 第 1128 行.

[ 2017-06-26T08:21:33+08:00 ] 127.0.0.1 /index.php/Home/Member/reset/member_id/1.html
INFO: [ app_init ] --START--
INFO: Run Behavior\BuildLiteBehavior [ RunTime:0.000011s ]
INFO: [ app_init ] --END-- [ RunTime:0.000299s ]
INFO: [ app_begin ] --START--
INFO: Run Behavior\ReadHtmlCacheBehavior [ RunTime:0.000466s ]
INFO: [ app_begin ] --END-- [ RunTime:0.000504s ]
SQL: SHOW COLUMNS FROM `eco_member` [ RunTime:0.0158s ]
NOTIC: [8] Undefined index: validate D:\Projects\TPecommerce\amon\Library\Think\Model.class.php 第 1185 行.
NOTIC: [8] Undefined index: member_name D:\Projects\TPecommerce\amon\Library\Think\Model.class.php 第 1294 行.
SQL: SELECT * FROM `eco_member` WHERE `member_name` = null LIMIT 1   [ RunTime:0.0003s ]
NOTIC: [8] Undefined index: sms_code D:\Projects\TPecommerce\amon\Library\Think\Model.class.php 第 1276 行.
NOTIC: [8] Undefined index: auto D:\Projects\TPecommerce\amon\Library\Think\Model.class.php 第 1128 行.

[ 2017-06-26T08:21:33+08:00 ] 127.0.0.1 /index.php/Home/Member/reset/member_id/1.html
INFO: [ app_init ] --START--
INFO: Run Behavior\BuildLiteBehavior [ RunTime:0.000013s ]
INFO: [ app_init ] --END-- [ RunTime:0.000375s ]
INFO: [ app_begin ] --START--
INFO: Run Behavior\ReadHtmlCacheBehavior [ RunTime:0.000746s ]
INFO: [ app_begin ] --END-- [ RunTime:0.000843s ]
SQL: SHOW COLUMNS FROM `eco_member` [ RunTime:0.0093s ]
NOTIC: [8] Undefined index: validate D:\Projects\TPecommerce\amon\Library\Think\Model.class.php 第 1185 行.
NOTIC: [8] Undefined index: member_name D:\Projects\TPecommerce\amon\Library\Think\Model.class.php 第 1294 行.
SQL: SELECT * FROM `eco_member` WHERE `member_name` = null LIMIT 1   [ RunTime:0.0002s ]
NOTIC: [8] Undefined index: sms_code D:\Projects\TPecommerce\amon\Library\Think\Model.class.php 第 1276 行.
NOTIC: [8] Undefined index: auto D:\Projects\TPecommerce\amon\Library\Think\Model.class.php 第 1128 行.

[ 2017-06-26T08:21:33+08:00 ] 127.0.0.1 /index.php/Home/Member/reset/member_id/1.html
INFO: [ app_init ] --START--
INFO: Run Behavior\BuildLiteBehavior [ RunTime:0.000018s ]
INFO: [ app_init ] --END-- [ RunTime:0.000462s ]
INFO: [ app_begin ] --START--
INFO: Run Behavior\ReadHtmlCacheBehavior [ RunTime:0.000641s ]
INFO: [ app_begin ] --END-- [ RunTime:0.000731s ]
SQL: SHOW COLUMNS FROM `eco_member` [ RunTime:0.0097s ]
NOTIC: [8] Undefined index: validate D:\Projects\TPecommerce\amon\Library\Think\Model.class.php 第 1185 行.
NOTIC: [8] Undefined index: member_name D:\Projects\TPecommerce\amon\Library\Think\Model.class.php 第 1294 行.
SQL: SELECT * FROM `eco_member` WHERE `member_name` = null LIMIT 1   [ RunTime:0.0002s ]
NOTIC: [8] Undefined index: sms_code D:\Projects\TPecommerce\amon\Library\Think\Model.class.php 第 1276 行.
NOTIC: [8] Undefined index: auto D:\Projects\TPecommerce\amon\Library\Think\Model.class.php 第 1128 行.

[ 2017-06-26T08:21:34+08:00 ] 127.0.0.1 /index.php/Home/Member/reset/member_id/1.html
INFO: [ app_init ] --START--
INFO: Run Behavior\BuildLiteBehavior [ RunTime:0.000017s ]
INFO: [ app_init ] --END-- [ RunTime:0.000444s ]
INFO: [ app_begin ] --START--
INFO: Run Behavior\ReadHtmlCacheBehavior [ RunTime:0.000597s ]
INFO: [ app_begin ] --END-- [ RunTime:0.000655s ]
SQL: SHOW COLUMNS FROM `eco_member` [ RunTime:0.0161s ]
NOTIC: [8] Undefined index: validate D:\Projects\TPecommerce\amon\Library\Think\Model.class.php 第 1185 行.
NOTIC: [8] Undefined index: member_name D:\Projects\TPecommerce\amon\Library\Think\Model.class.php 第 1294 行.
SQL: SELECT * FROM `eco_member` WHERE `member_name` = null LIMIT 1   [ RunTime:0.0003s ]
NOTIC: [8] Undefined index: sms_code D:\Projects\TPecommerce\amon\Library\Think\Model.class.php 第 1276 行.
NOTIC: [8] Undefined index: auto D:\Projects\TPecommerce\amon\Library\Think\Model.class.php 第 1128 行.

[ 2017-06-26T08:21:45+08:00 ] 127.0.0.1 /index.php/Home/Member/reset/member_id/1.html
INFO: [ app_init ] --START--
INFO: Run Behavior\BuildLiteBehavior [ RunTime:0.000011s ]
INFO: [ app_init ] --END-- [ RunTime:0.000304s ]
INFO: [ app_begin ] --START--
INFO: Run Behavior\ReadHtmlCacheBehavior [ RunTime:0.000450s ]
INFO: [ app_begin ] --END-- [ RunTime:0.000489s ]
SQL: SHOW COLUMNS FROM `eco_member` [ RunTime:0.0146s ]
NOTIC: [8] Undefined index: validate D:\Projects\TPecommerce\amon\Library\Think\Model.class.php 第 1185 行.
NOTIC: [8] Undefined index: member_name D:\Projects\TPecommerce\amon\Library\Think\Model.class.php 第 1294 行.
SQL: SELECT * FROM `eco_member` WHERE `member_name` = null LIMIT 1   [ RunTime:0.0004s ]
NOTIC: [8] Undefined index: sms_code D:\Projects\TPecommerce\amon\Library\Think\Model.class.php 第 1276 行.
NOTIC: [8] Undefined index: auto D:\Projects\TPecommerce\amon\Library\Think\Model.class.php 第 1128 行.

[ 2017-06-26T08:23:16+08:00 ] 127.0.0.1 /index.php/Home/Member/reset/member_id/1.html
INFO: [ app_init ] --START--
INFO: Run Behavior\BuildLiteBehavior [ RunTime:0.000015s ]
INFO: [ app_init ] --END-- [ RunTime:0.000367s ]
INFO: [ app_begin ] --START--
INFO: Run Behavior\ReadHtmlCacheBehavior [ RunTime:0.000583s ]
INFO: [ app_begin ] --END-- [ RunTime:0.000621s ]
SQL: SHOW COLUMNS FROM `eco_member` [ RunTime:0.0590s ]
NOTIC: [8] Undefined index: validate D:\Projects\TPecommerce\amon\Library\Think\Model.class.php 第 1185 行.
NOTIC: [8] Undefined index: member_name D:\Projects\TPecommerce\amon\Library\Think\Model.class.php 第 1294 行.
SQL: SELECT * FROM `eco_member` WHERE `member_name` = null LIMIT 1   [ RunTime:0.0003s ]
NOTIC: [8] Undefined index: sms_code D:\Projects\TPecommerce\amon\Library\Think\Model.class.php 第 1276 行.
NOTIC: [8] Undefined index: auto D:\Projects\TPecommerce\amon\Library\Think\Model.class.php 第 1128 行.
SQL: UPDATE `eco_member` SET `member_pwd`='19211f081d59e1c7dd4c61e49c6a3b420537babb',`created_time`='1498436596',`login_time`='1498436596',`member_salt`='74qpzg' WHERE ( member_id=1 ) [ RunTime:0.0546s ]

[ 2017-06-26T08:23:17+08:00 ] 127.0.0.1 /index.php/Home/Member/reset/member_id/1.html
INFO: [ app_init ] --START--
INFO: Run Behavior\BuildLiteBehavior [ RunTime:0.000012s ]
INFO: [ app_init ] --END-- [ RunTime:0.000391s ]
INFO: [ app_begin ] --START--
INFO: Run Behavior\ReadHtmlCacheBehavior [ RunTime:0.000537s ]
INFO: [ app_begin ] --END-- [ RunTime:0.000577s ]
SQL: SHOW COLUMNS FROM `eco_member` [ RunTime:0.0096s ]
NOTIC: [8] Undefined index: validate D:\Projects\TPecommerce\amon\Library\Think\Model.class.php 第 1185 行.
NOTIC: [8] Undefined index: member_name D:\Projects\TPecommerce\amon\Library\Think\Model.class.php 第 1294 行.
SQL: SELECT * FROM `eco_member` WHERE `member_name` = null LIMIT 1   [ RunTime:0.0006s ]
NOTIC: [8] Undefined index: sms_code D:\Projects\TPecommerce\amon\Library\Think\Model.class.php 第 1276 行.
NOTIC: [8] Undefined index: auto D:\Projects\TPecommerce\amon\Library\Think\Model.class.php 第 1128 行.
SQL: UPDATE `eco_member` SET `member_pwd`='ccda3ed976eb2ff5d8b14be5f7c279570447cc6f',`created_time`='1498436596',`login_time`='1498436596',`member_salt`='izrfsb' WHERE ( member_id=1 ) [ RunTime:0.0213s ]

[ 2017-06-26T08:23:17+08:00 ] 127.0.0.1 /index.php/Home/Member/reset/member_id/1.html
INFO: [ app_init ] --START--
INFO: Run Behavior\BuildLiteBehavior [ RunTime:0.000012s ]
INFO: [ app_init ] --END-- [ RunTime:0.000304s ]
INFO: [ app_begin ] --START--
INFO: Run Behavior\ReadHtmlCacheBehavior [ RunTime:0.000453s ]
INFO: [ app_begin ] --END-- [ RunTime:0.000489s ]
SQL: SHOW COLUMNS FROM `eco_member` [ RunTime:0.0153s ]
NOTIC: [8] Undefined index: validate D:\Projects\TPecommerce\amon\Library\Think\Model.class.php 第 1185 行.
NOTIC: [8] Undefined index: member_name D:\Projects\TPecommerce\amon\Library\Think\Model.class.php 第 1294 行.
SQL: SELECT * FROM `eco_member` WHERE `member_name` = null LIMIT 1   [ RunTime:0.0005s ]
NOTIC: [8] Undefined index: sms_code D:\Projects\TPecommerce\amon\Library\Think\Model.class.php 第 1276 行.
NOTIC: [8] Undefined index: auto D:\Projects\TPecommerce\amon\Library\Think\Model.class.php 第 1128 行.
SQL: UPDATE `eco_member` SET `member_pwd`='bd55c9b3ecb176356bcbc4b8943818e2aaaa6f1f',`created_time`='1498436597',`login_time`='1498436597',`member_salt`='elyasq' WHERE ( member_id=1 ) [ RunTime:0.0574s ]

[ 2017-06-26T08:23:18+08:00 ] 127.0.0.1 /index.php/Home/Member/reset/member_id/1.html
INFO: [ app_init ] --START--
INFO: Run Behavior\BuildLiteBehavior [ RunTime:0.000014s ]
INFO: [ app_init ] --END-- [ RunTime:0.000359s ]
INFO: [ app_begin ] --START--
INFO: Run Behavior\ReadHtmlCacheBehavior [ RunTime:0.000893s ]
INFO: [ app_begin ] --END-- [ RunTime:0.000998s ]
SQL: SHOW COLUMNS FROM `eco_member` [ RunTime:0.0150s ]
INFO: [ view_parse ] --START--
INFO: [ template_filter ] --START--
INFO: Run Behavior\ContentReplaceBehavior [ RunTime:0.000067s ]
INFO: [ template_filter ] --END-- [ RunTime:0.000108s ]
NOTIC: [8] Undefined index: Home_is_login D:\Projects\TPecommerce\abcfoxfur\Runtime\Cache\Home\f44bc95b2e2ed87d926feb85bd5a5967.php 第 21 行.
INFO: Run Behavior\ParseTemplateBehavior [ RunTime:0.009000s ]
INFO: [ view_parse ] --END-- [ RunTime:0.009039s ]
INFO: [ view_filter ] --START--
INFO: Run Behavior\WriteHtmlCacheBehavior [ RunTime:0.000339s ]
INFO: [ view_filter ] --END-- [ RunTime:0.000368s ]
INFO: [ app_end ] --START--
INFO: Run Behavior\ShowPageTraceBehavior [ RunTime:0.000648s ]
INFO: [ app_end ] --END-- [ RunTime:0.000678s ]

[ 2017-06-26T08:23:23+08:00 ] 127.0.0.1 /index.php/Home/Member/reset/member_id/1.html
INFO: [ app_init ] --START--
INFO: Run Behavior\BuildLiteBehavior [ RunTime:0.000012s ]
INFO: [ app_init ] --END-- [ RunTime:0.000550s ]
INFO: [ app_begin ] --START--
INFO: Run Behavior\ReadHtmlCacheBehavior [ RunTime:0.000587s ]
INFO: [ app_begin ] --END-- [ RunTime:0.000651s ]
SQL: SHOW COLUMNS FROM `eco_member` [ RunTime:0.0145s ]
NOTIC: [8] Undefined index: validate D:\Projects\TPecommerce\amon\Library\Think\Model.class.php 第 1185 行.
NOTIC: [8] Undefined index: member_name D:\Projects\TPecommerce\amon\Library\Think\Model.class.php 第 1294 行.
SQL: SELECT * FROM `eco_member` WHERE `member_name` = null LIMIT 1   [ RunTime:0.0006s ]
NOTIC: [8] Undefined index: sms_code D:\Projects\TPecommerce\amon\Library\Think\Model.class.php 第 1276 行.
NOTIC: [8] Undefined index: auto D:\Projects\TPecommerce\amon\Library\Think\Model.class.php 第 1128 行.
SQL: UPDATE `eco_member` SET `member_pwd`='436be1d30b1808a1c43f8225f5b9221a9fcb6413',`created_time`='1498436602',`login_time`='1498436602',`member_salt`='kl6u07' WHERE ( member_id=1 ) [ RunTime:0.0206s ]

[ 2017-06-26T08:23:47+08:00 ] 127.0.0.1 /index.php/Home/Member/reset/member_id/1.html
INFO: [ app_init ] --START--
INFO: Run Behavior\BuildLiteBehavior [ RunTime:0.000012s ]
INFO: [ app_init ] --END-- [ RunTime:0.000387s ]
INFO: [ app_begin ] --START--
INFO: Run Behavior\ReadHtmlCacheBehavior [ RunTime:0.000548s ]
INFO: [ app_begin ] --END-- [ RunTime:0.000587s ]
SQL: SHOW COLUMNS FROM `eco_member` [ RunTime:0.0178s ]
NOTIC: [8] Undefined index: validate D:\Projects\TPecommerce\amon\Library\Think\Model.class.php 第 1185 行.
NOTIC: [8] Undefined index: member_name D:\Projects\TPecommerce\amon\Library\Think\Model.class.php 第 1294 行.
SQL: SELECT * FROM `eco_member` WHERE `member_name` = null LIMIT 1   [ RunTime:0.0005s ]
NOTIC: [8] Undefined index: sms_code D:\Projects\TPecommerce\amon\Library\Think\Model.class.php 第 1276 行.
NOTIC: [8] Undefined index: auto D:\Projects\TPecommerce\amon\Library\Think\Model.class.php 第 1128 行.
SQL: UPDATE `eco_member` SET `member_pwd`='e9ce4c3b6554ea7208d492c0bb6cfd660aa576d4',`created_time`='1498436627',`login_time`='1498436627',`member_salt`='05bgat' WHERE ( member_id=1 ) [ RunTime:0.0409s ]

[ 2017-06-26T08:24:03+08:00 ] 127.0.0.1 /index.php/Home/Member/reset/member_id/1.html
INFO: [ app_init ] --START--
INFO: Run Behavior\BuildLiteBehavior [ RunTime:0.000011s ]
INFO: [ app_init ] --END-- [ RunTime:0.000304s ]
INFO: [ app_begin ] --START--
INFO: Run Behavior\ReadHtmlCacheBehavior [ RunTime:0.000455s ]
INFO: [ app_begin ] --END-- [ RunTime:0.000494s ]
SQL: SHOW COLUMNS FROM `eco_member` [ RunTime:0.0159s ]
NOTIC: [8] Undefined index: validate D:\Projects\TPecommerce\amon\Library\Think\Model.class.php 第 1185 行.
NOTIC: [8] Undefined index: member_name D:\Projects\TPecommerce\amon\Library\Think\Model.class.php 第 1294 行.
SQL: SELECT * FROM `eco_member` WHERE `member_name` = null LIMIT 1   [ RunTime:0.0004s ]
NOTIC: [8] Undefined index: sms_code D:\Projects\TPecommerce\amon\Library\Think\Model.class.php 第 1276 行.
NOTIC: [8] Undefined index: auto D:\Projects\TPecommerce\amon\Library\Think\Model.class.php 第 1128 行.
SQL: UPDATE `eco_member` SET `member_pwd`='b820d9635c8d45eb1d59371380badd9f5d92c9b7',`created_time`='1498436643',`login_time`='1498436643',`member_salt`='jvg82e' WHERE ( member_id=1 ) [ RunTime:0.0373s ]

[ 2017-06-26T08:24:04+08:00 ] 127.0.0.1 /index.php/Home/Member/reset/member_id/1.html
INFO: [ app_init ] --START--
INFO: Run Behavior\BuildLiteBehavior [ RunTime:0.000011s ]
INFO: [ app_init ] --END-- [ RunTime:0.000302s ]
INFO: [ app_begin ] --START--
INFO: Run Behavior\ReadHtmlCacheBehavior [ RunTime:0.000456s ]
INFO: [ app_begin ] --END-- [ RunTime:0.000494s ]
SQL: SHOW COLUMNS FROM `eco_member` [ RunTime:0.0159s ]
NOTIC: [8] Undefined index: validate D:\Projects\TPecommerce\amon\Library\Think\Model.class.php 第 1185 行.
NOTIC: [8] Undefined index: member_name D:\Projects\TPecommerce\amon\Library\Think\Model.class.php 第 1294 行.
SQL: SELECT * FROM `eco_member` WHERE `member_name` = null LIMIT 1   [ RunTime:0.0004s ]
NOTIC: [8] Undefined index: sms_code D:\Projects\TPecommerce\amon\Library\Think\Model.class.php 第 1276 行.
NOTIC: [8] Undefined index: auto D:\Projects\TPecommerce\amon\Library\Think\Model.class.php 第 1128 行.
SQL: UPDATE `eco_member` SET `member_pwd`='94390c2e011661382861af4054a4d9a4102c3a8b',`created_time`='1498436644',`login_time`='1498436644',`member_salt`='e38jly' WHERE ( member_id=1 ) [ RunTime:0.0608s ]

[ 2017-06-26T08:25:17+08:00 ] 127.0.0.1 /index.php/Home/Member/reset/member_id/1.html
INFO: [ app_init ] --START--
INFO: Run Behavior\BuildLiteBehavior [ RunTime:0.000010s ]
INFO: [ app_init ] --END-- [ RunTime:0.000294s ]
INFO: [ app_begin ] --START--
INFO: Run Behavior\ReadHtmlCacheBehavior [ RunTime:0.000485s ]
INFO: [ app_begin ] --END-- [ RunTime:0.000523s ]
SQL: SHOW COLUMNS FROM `eco_member` [ RunTime:0.0149s ]
NOTIC: [8] Undefined index: validate D:\Projects\TPecommerce\amon\Library\Think\Model.class.php 第 1185 行.
NOTIC: [8] Undefined index: member_name D:\Projects\TPecommerce\amon\Library\Think\Model.class.php 第 1294 行.
SQL: SELECT * FROM `eco_member` WHERE `member_name` = null LIMIT 1   [ RunTime:0.0005s ]
NOTIC: [8] Undefined index: sms_code D:\Projects\TPecommerce\amon\Library\Think\Model.class.php 第 1276 行.
NOTIC: [8] Undefined index: auto D:\Projects\TPecommerce\amon\Library\Think\Model.class.php 第 1128 行.
SQL: UPDATE `eco_member` SET `member_pwd`='eb7ecf17f13c9b3283446e845a86d42dc5a995b8',`created_time`='1498436717',`login_time`='1498436717',`member_salt`='yvhosk' WHERE ( member_id=1 ) [ RunTime:0.0303s ]
INFO: [ view_parse ] --START--
INFO: [ template_filter ] --START--
INFO: Run Behavior\ContentReplaceBehavior [ RunTime:0.000042s ]
INFO: [ template_filter ] --END-- [ RunTime:0.000085s ]
INFO: Run Behavior\ParseTemplateBehavior [ RunTime:0.006671s ]
INFO: [ view_parse ] --END-- [ RunTime:0.006726s ]
INFO: [ view_filter ] --START--
INFO: Run Behavior\WriteHtmlCacheBehavior [ RunTime:0.000345s ]
INFO: [ view_filter ] --END-- [ RunTime:0.000376s ]

[ 2017-06-26T08:25:18+08:00 ] 127.0.0.1 /index.php/Home/Member/login.html
INFO: [ app_init ] --START--
INFO: Run Behavior\BuildLiteBehavior [ RunTime:0.000012s ]
INFO: [ app_init ] --END-- [ RunTime:0.000339s ]
INFO: [ app_begin ] --START--
INFO: Run Behavior\ReadHtmlCacheBehavior [ RunTime:0.000485s ]
INFO: [ app_begin ] --END-- [ RunTime:0.000524s ]
SQL: SHOW COLUMNS FROM `eco_member` [ RunTime:0.0147s ]
INFO: [ view_parse ] --START--
INFO: [ template_filter ] --START--
INFO: Run Behavior\ContentReplaceBehavior [ RunTime:0.000067s ]
INFO: [ template_filter ] --END-- [ RunTime:0.000113s ]
NOTIC: [8] Undefined index: Home_is_login D:\Projects\TPecommerce\abcfoxfur\Runtime\Cache\Home\2a0f08239a51657400ec138f3fbd82f7.php 第 21 行.
INFO: Run Behavior\ParseTemplateBehavior [ RunTime:0.036340s ]
INFO: [ view_parse ] --END-- [ RunTime:0.036381s ]
INFO: [ view_filter ] --START--
INFO: Run Behavior\WriteHtmlCacheBehavior [ RunTime:0.000363s ]
INFO: [ view_filter ] --END-- [ RunTime:0.000392s ]
INFO: [ app_end ] --START--
INFO: Run Behavior\ShowPageTraceBehavior [ RunTime:0.000642s ]
INFO: [ app_end ] --END-- [ RunTime:0.000672s ]

[ 2017-06-26T08:25:34+08:00 ] 127.0.0.1 /index.php/Home/Member/find.html
INFO: [ app_init ] --START--
INFO: Run Behavior\BuildLiteBehavior [ RunTime:0.000011s ]
INFO: [ app_init ] --END-- [ RunTime:0.000376s ]
INFO: [ app_begin ] --START--
INFO: Run Behavior\ReadHtmlCacheBehavior [ RunTime:0.000544s ]
INFO: [ app_begin ] --END-- [ RunTime:0.000582s ]
SQL: SHOW COLUMNS FROM `eco_member` [ RunTime:0.0152s ]
INFO: [ view_parse ] --START--
INFO: [ template_filter ] --START--
INFO: Run Behavior\ContentReplaceBehavior [ RunTime:0.000061s ]
INFO: [ template_filter ] --END-- [ RunTime:0.000102s ]
NOTIC: [8] Undefined index: Home_is_login D:\Projects\TPecommerce\abcfoxfur\Runtime\Cache\Home\ad645b5f709e734cfd0a4bc5f482ff13.php 第 21 行.
INFO: Run Behavior\ParseTemplateBehavior [ RunTime:0.036380s ]
INFO: [ view_parse ] --END-- [ RunTime:0.036426s ]
INFO: [ view_filter ] --START--
INFO: Run Behavior\WriteHtmlCacheBehavior [ RunTime:0.000370s ]
INFO: [ view_filter ] --END-- [ RunTime:0.000397s ]
INFO: [ app_end ] --START--
INFO: Run Behavior\ShowPageTraceBehavior [ RunTime:0.000590s ]
INFO: [ app_end ] --END-- [ RunTime:0.000620s ]

[ 2017-06-26T08:25:36+08:00 ] 127.0.0.1 /index.php/Home/Member/login.html
INFO: [ app_init ] --START--
INFO: Run Behavior\BuildLiteBehavior [ RunTime:0.000012s ]
INFO: [ app_init ] --END-- [ RunTime:0.000324s ]
INFO: [ app_begin ] --START--
INFO: Run Behavior\ReadHtmlCacheBehavior [ RunTime:0.000482s ]
INFO: [ app_begin ] --END-- [ RunTime:0.000522s ]
SQL: SHOW COLUMNS FROM `eco_member` [ RunTime:0.0150s ]
INFO: [ view_parse ] --START--
INFO: [ template_filter ] --START--
INFO: Run Behavior\ContentReplaceBehavior [ RunTime:0.000063s ]
INFO: [ template_filter ] --END-- [ RunTime:0.000105s ]
NOTIC: [8] Undefined index: Home_is_login D:\Projects\TPecommerce\abcfoxfur\Runtime\Cache\Home\2a0f08239a51657400ec138f3fbd82f7.php 第 21 行.
INFO: Run Behavior\ParseTemplateBehavior [ RunTime:0.008049s ]
INFO: [ view_parse ] --END-- [ RunTime:0.008093s ]
INFO: [ view_filter ] --START--
INFO: Run Behavior\WriteHtmlCacheBehavior [ RunTime:0.000337s ]
INFO: [ view_filter ] --END-- [ RunTime:0.000366s ]
INFO: [ app_end ] --START--
INFO: Run Behavior\ShowPageTraceBehavior [ RunTime:0.000628s ]
INFO: [ app_end ] --END-- [ RunTime:0.000658s ]

[ 2017-06-26T08:25:39+08:00 ] 127.0.0.1 /index.php/Home/Member/reset/member_id/1.html
INFO: [ app_init ] --START--
INFO: Run Behavior\BuildLiteBehavior [ RunTime:0.000011s ]
INFO: [ app_init ] --END-- [ RunTime:0.000315s ]
INFO: [ app_begin ] --START--
INFO: Run Behavior\ReadHtmlCacheBehavior [ RunTime:0.000476s ]
INFO: [ app_begin ] --END-- [ RunTime:0.000516s ]
SQL: SHOW COLUMNS FROM `eco_member` [ RunTime:0.0153s ]
NOTIC: [8] Undefined index: validate D:\Projects\TPecommerce\amon\Library\Think\Model.class.php 第 1185 行.
NOTIC: [8] Undefined index: member_name D:\Projects\TPecommerce\amon\Library\Think\Model.class.php 第 1294 行.
SQL: SELECT * FROM `eco_member` WHERE `member_name` = null LIMIT 1   [ RunTime:0.0004s ]
NOTIC: [8] Undefined index: sms_code D:\Projects\TPecommerce\amon\Library\Think\Model.class.php 第 1276 行.
NOTIC: [8] Undefined index: auto D:\Projects\TPecommerce\amon\Library\Think\Model.class.php 第 1128 行.
SQL: UPDATE `eco_member` SET `member_pwd`='1b760e815e8c5cf6b6b85997a39cac3878d1839f',`created_time`='1498436739',`login_time`='1498436739',`member_salt`='f7cnt0' WHERE ( member_id=1 ) [ RunTime:0.0326s ]
INFO: [ view_parse ] --START--
INFO: [ template_filter ] --START--
INFO: Run Behavior\ContentReplaceBehavior [ RunTime:0.000040s ]
INFO: [ template_filter ] --END-- [ RunTime:0.000076s ]
INFO: Run Behavior\ParseTemplateBehavior [ RunTime:0.006088s ]
INFO: [ view_parse ] --END-- [ RunTime:0.006146s ]
INFO: [ view_filter ] --START--
INFO: Run Behavior\WriteHtmlCacheBehavior [ RunTime:0.000351s ]
INFO: [ view_filter ] --END-- [ RunTime:0.000380s ]

[ 2017-06-26T08:25:40+08:00 ] 127.0.0.1 /index.php/Home/Member/login.html
INFO: [ app_init ] --START--
INFO: Run Behavior\BuildLiteBehavior [ RunTime:0.000011s ]
INFO: [ app_init ] --END-- [ RunTime:0.000295s ]
INFO: [ app_begin ] --START--
INFO: Run Behavior\ReadHtmlCacheBehavior [ RunTime:0.000611s ]
INFO: [ app_begin ] --END-- [ RunTime:0.000676s ]
SQL: SHOW COLUMNS FROM `eco_member` [ RunTime:0.0152s ]
INFO: [ view_parse ] --START--
INFO: [ template_filter ] --START--
INFO: Run Behavior\ContentReplaceBehavior [ RunTime:0.000063s ]
INFO: [ template_filter ] --END-- [ RunTime:0.000101s ]
NOTIC: [8] Undefined index: Home_is_login D:\Projects\TPecommerce\abcfoxfur\Runtime\Cache\Home\2a0f08239a51657400ec138f3fbd82f7.php 第 21 行.
INFO: Run Behavior\ParseTemplateBehavior [ RunTime:0.007503s ]
INFO: [ view_parse ] --END-- [ RunTime:0.007551s ]
INFO: [ view_filter ] --START--
INFO: Run Behavior\WriteHtmlCacheBehavior [ RunTime:0.000405s ]
INFO: [ view_filter ] --END-- [ RunTime:0.000438s ]
INFO: [ app_end ] --START--
INFO: Run Behavior\ShowPageTraceBehavior [ RunTime:0.000583s ]
INFO: [ app_end ] --END-- [ RunTime:0.000614s ]

[ 2017-06-26T08:25:42+08:00 ] 127.0.0.1 /index.php/Home/Member/reset/member_id/1.html
INFO: [ app_init ] --START--
INFO: Run Behavior\BuildLiteBehavior [ RunTime:0.000014s ]
INFO: [ app_init ] --END-- [ RunTime:0.000399s ]
INFO: [ app_begin ] --START--
INFO: Run Behavior\ReadHtmlCacheBehavior [ RunTime:0.000841s ]
INFO: [ app_begin ] --END-- [ RunTime:0.000921s ]
SQL: SHOW COLUMNS FROM `eco_member` [ RunTime:0.0198s ]
INFO: [ view_parse ] --START--
INFO: [ template_filter ] --START--
INFO: Run Behavior\ContentReplaceBehavior [ RunTime:0.000127s ]
INFO: [ template_filter ] --END-- [ RunTime:0.000204s ]
NOTIC: [8] Undefined index: Home_is_login D:\Projects\TPecommerce\abcfoxfur\Runtime\Cache\Home\f44bc95b2e2ed87d926feb85bd5a5967.php 第 21 行.
INFO: Run Behavior\ParseTemplateBehavior [ RunTime:0.010938s ]
INFO: [ view_parse ] --END-- [ RunTime:0.010982s ]
INFO: [ view_filter ] --START--
INFO: Run Behavior\WriteHtmlCacheBehavior [ RunTime:0.000390s ]
INFO: [ view_filter ] --END-- [ RunTime:0.000424s ]
INFO: [ app_end ] --START--
INFO: Run Behavior\ShowPageTraceBehavior [ RunTime:0.000926s ]
INFO: [ app_end ] --END-- [ RunTime:0.000982s ]

[ 2017-06-26T08:25:54+08:00 ] 127.0.0.1 /index.php/Home/Member/reset/member_id/1.html
INFO: [ app_init ] --START--
INFO: Run Behavior\BuildLiteBehavior [ RunTime:0.000011s ]
INFO: [ app_init ] --END-- [ RunTime:0.000338s ]
INFO: [ app_begin ] --START--
INFO: Run Behavior\ReadHtmlCacheBehavior [ RunTime:0.000591s ]
INFO: [ app_begin ] --END-- [ RunTime:0.000634s ]
SQL: SHOW COLUMNS FROM `eco_member` [ RunTime:0.0143s ]
NOTIC: [8] Undefined index: validate D:\Projects\TPecommerce\amon\Library\Think\Model.class.php 第 1185 行.
NOTIC: [8] Undefined index: member_name D:\Projects\TPecommerce\amon\Library\Think\Model.class.php 第 1294 行.
SQL: SELECT * FROM `eco_member` WHERE `member_name` = null LIMIT 1   [ RunTime:0.0004s ]
NOTIC: [8] Undefined index: sms_code D:\Projects\TPecommerce\amon\Library\Think\Model.class.php 第 1276 行.
NOTIC: [8] Undefined index: auto D:\Projects\TPecommerce\amon\Library\Think\Model.class.php 第 1128 行.
SQL: UPDATE `eco_member` SET `member_pwd`='2e3f3089b2b2524ef9a245cb3c3c8c85346aa34a',`created_time`='1498436754',`login_time`='1498436754',`member_salt`='n8xyjc' WHERE ( member_id=1 ) [ RunTime:0.0407s ]
INFO: [ view_parse ] --START--
INFO: [ template_filter ] --START--
INFO: Run Behavior\ContentReplaceBehavior [ RunTime:0.000042s ]
INFO: [ template_filter ] --END-- [ RunTime:0.000080s ]
INFO: Run Behavior\ParseTemplateBehavior [ RunTime:0.006093s ]
INFO: [ view_parse ] --END-- [ RunTime:0.006143s ]
INFO: [ view_filter ] --START--
INFO: Run Behavior\WriteHtmlCacheBehavior [ RunTime:0.000361s ]
INFO: [ view_filter ] --END-- [ RunTime:0.000391s ]

[ 2017-06-26T08:25:55+08:00 ] 127.0.0.1 /index.php/Home/Member/login.html
INFO: [ app_init ] --START--
INFO: Run Behavior\BuildLiteBehavior [ RunTime:0.000011s ]
INFO: [ app_init ] --END-- [ RunTime:0.000326s ]
INFO: [ app_begin ] --START--
INFO: Run Behavior\ReadHtmlCacheBehavior [ RunTime:0.000603s ]
INFO: [ app_begin ] --END-- [ RunTime:0.000644s ]
SQL: SHOW COLUMNS FROM `eco_member` [ RunTime:0.0155s ]
INFO: [ view_parse ] --START--
INFO: [ template_filter ] --START--
INFO: Run Behavior\ContentReplaceBehavior [ RunTime:0.000064s ]
INFO: [ template_filter ] --END-- [ RunTime:0.000106s ]
NOTIC: [8] Undefined index: Home_is_login D:\Projects\TPecommerce\abcfoxfur\Runtime\Cache\Home\2a0f08239a51657400ec138f3fbd82f7.php 第 21 行.
INFO: Run Behavior\ParseTemplateBehavior [ RunTime:0.007686s ]
INFO: [ view_parse ] --END-- [ RunTime:0.007745s ]
INFO: [ view_filter ] --START--
INFO: Run Behavior\WriteHtmlCacheBehavior [ RunTime:0.000347s ]
INFO: [ view_filter ] --END-- [ RunTime:0.000376s ]
INFO: [ app_end ] --START--
INFO: Run Behavior\ShowPageTraceBehavior [ RunTime:0.000742s ]
INFO: [ app_end ] --END-- [ RunTime:0.000787s ]

[ 2017-06-26T08:26:36+08:00 ] 127.0.0.1 /index.php/Home/Member/login.html
INFO: [ app_init ] --START--
INFO: Run Behavior\BuildLiteBehavior [ RunTime:0.000012s ]
INFO: [ app_init ] --END-- [ RunTime:0.000364s ]
INFO: [ app_begin ] --START--
INFO: Run Behavior\ReadHtmlCacheBehavior [ RunTime:0.000524s ]
INFO: [ app_begin ] --END-- [ RunTime:0.000574s ]
SQL: SHOW COLUMNS FROM `eco_member` [ RunTime:0.0156s ]
SQL: SELECT * FROM `eco_member` WHERE ( member_name="1234" ) LIMIT 1   [ RunTime:0.0006s ]
INFO: [ view_parse ] --START--
INFO: [ template_filter ] --START--
INFO: Run Behavior\ContentReplaceBehavior [ RunTime:0.000040s ]
INFO: [ template_filter ] --END-- [ RunTime:0.000079s ]
INFO: Run Behavior\ParseTemplateBehavior [ RunTime:0.006322s ]
INFO: [ view_parse ] --END-- [ RunTime:0.006370s ]
INFO: [ view_filter ] --START--
INFO: Run Behavior\WriteHtmlCacheBehavior [ RunTime:0.000320s ]
INFO: [ view_filter ] --END-- [ RunTime:0.000349s ]

[ 2017-06-26T08:26:39+08:00 ] 127.0.0.1 /index.php/Home/Member/login.html
INFO: [ app_init ] --START--
INFO: Run Behavior\BuildLiteBehavior [ RunTime:0.000012s ]
INFO: [ app_init ] --END-- [ RunTime:0.000346s ]
INFO: [ app_begin ] --START--
INFO: Run Behavior\ReadHtmlCacheBehavior [ RunTime:0.000516s ]
INFO: [ app_begin ] --END-- [ RunTime:0.000554s ]
SQL: SHOW COLUMNS FROM `eco_member` [ RunTime:0.0146s ]
INFO: [ view_parse ] --START--
INFO: [ template_filter ] --START--
INFO: Run Behavior\ContentReplaceBehavior [ RunTime:0.000065s ]
INFO: [ template_filter ] --END-- [ RunTime:0.000108s ]
NOTIC: [8] Undefined index: Home_is_login D:\Projects\TPecommerce\abcfoxfur\Runtime\Cache\Home\2a0f08239a51657400ec138f3fbd82f7.php 第 21 行.
INFO: Run Behavior\ParseTemplateBehavior [ RunTime:0.008223s ]
INFO: [ view_parse ] --END-- [ RunTime:0.008266s ]
INFO: [ view_filter ] --START--
INFO: Run Behavior\WriteHtmlCacheBehavior [ RunTime:0.000313s ]
INFO: [ view_filter ] --END-- [ RunTime:0.000341s ]
INFO: [ app_end ] --START--
INFO: Run Behavior\ShowPageTraceBehavior [ RunTime:0.000600s ]
INFO: [ app_end ] --END-- [ RunTime:0.000631s ]

[ 2017-06-26T09:17:03+08:00 ] 127.0.0.1 /index.php/Home/Member/login.html
INFO: [ app_init ] --START--
INFO: Run Behavior\BuildLiteBehavior [ RunTime:0.000012s ]
INFO: [ app_init ] --END-- [ RunTime:0.000473s ]
INFO: [ app_begin ] --START--
INFO: Run Behavior\ReadHtmlCacheBehavior [ RunTime:0.000754s ]
INFO: [ app_begin ] --END-- [ RunTime:0.000805s ]
SQL: SHOW COLUMNS FROM `eco_member` [ RunTime:0.0173s ]
INFO: [ view_parse ] --START--
INFO: [ template_filter ] --START--
INFO: Run Behavior\ContentReplaceBehavior [ RunTime:0.000064s ]
INFO: [ template_filter ] --END-- [ RunTime:0.000105s ]
NOTIC: [8] Undefined index: Home_is_login D:\Projects\TPecommerce\abcfoxfur\Runtime\Cache\Home\2a0f08239a51657400ec138f3fbd82f7.php 第 21 行.
INFO: Run Behavior\ParseTemplateBehavior [ RunTime:0.021061s ]
INFO: [ view_parse ] --END-- [ RunTime:0.021105s ]
INFO: [ view_filter ] --START--
INFO: Run Behavior\WriteHtmlCacheBehavior [ RunTime:0.000373s ]
INFO: [ view_filter ] --END-- [ RunTime:0.000402s ]
INFO: [ app_end ] --START--
INFO: Run Behavior\ShowPageTraceBehavior [ RunTime:0.000588s ]
INFO: [ app_end ] --END-- [ RunTime:0.000619s ]

[ 2017-06-26T09:17:10+08:00 ] 127.0.0.1 /index.php/Home/Member/login.html
INFO: [ app_init ] --START--
INFO: Run Behavior\BuildLiteBehavior [ RunTime:0.000010s ]
INFO: [ app_init ] --END-- [ RunTime:0.000379s ]
INFO: [ app_begin ] --START--
INFO: Run Behavior\ReadHtmlCacheBehavior [ RunTime:0.000550s ]
INFO: [ app_begin ] --END-- [ RunTime:0.000612s ]
SQL: SHOW COLUMNS FROM `eco_member` [ RunTime:0.0183s ]
INFO: [ view_parse ] --START--
INFO: [ template_filter ] --START--
INFO: Run Behavior\ContentReplaceBehavior [ RunTime:0.000077s ]
INFO: [ template_filter ] --END-- [ RunTime:0.000136s ]
NOTIC: [8] Undefined index: Home_is_login D:\Projects\TPecommerce\abcfoxfur\Runtime\Cache\Home\2a0f08239a51657400ec138f3fbd82f7.php 第 21 行.
INFO: Run Behavior\ParseTemplateBehavior [ RunTime:0.008806s ]
INFO: [ view_parse ] --END-- [ RunTime:0.008847s ]
INFO: [ view_filter ] --START--
INFO: Run Behavior\WriteHtmlCacheBehavior [ RunTime:0.000302s ]
INFO: [ view_filter ] --END-- [ RunTime:0.000330s ]
INFO: [ app_end ] --START--
INFO: Run Behavior\ShowPageTraceBehavior [ RunTime:0.000546s ]
INFO: [ app_end ] --END-- [ RunTime:0.000576s ]

[ 2017-06-26T09:17:29+08:00 ] 127.0.0.1 /index.php/Home/Member/register.html
INFO: [ app_init ] --START--
INFO: Run Behavior\BuildLiteBehavior [ RunTime:0.000012s ]
INFO: [ app_init ] --END-- [ RunTime:0.000577s ]
INFO: [ app_begin ] --START--
INFO: Run Behavior\ReadHtmlCacheBehavior [ RunTime:0.000622s ]
INFO: [ app_begin ] --END-- [ RunTime:0.000662s ]
SQL: SHOW COLUMNS FROM `eco_member` [ RunTime:0.0147s ]
INFO: [ view_parse ] --START--
INFO: [ template_filter ] --START--
INFO: Run Behavior\ContentReplaceBehavior [ RunTime:0.000084s ]
INFO: [ template_filter ] --END-- [ RunTime:0.000123s ]
NOTIC: [8] Undefined index: Home_is_login D:\Projects\TPecommerce\abcfoxfur\Runtime\Cache\Home\9abd2524bf499180401cc443e0ae0645.php 第 21 行.
INFO: Run Behavior\ParseTemplateBehavior [ RunTime:0.059651s ]
INFO: [ view_parse ] --END-- [ RunTime:0.059691s ]
INFO: [ view_filter ] --START--
INFO: Run Behavior\WriteHtmlCacheBehavior [ RunTime:0.000383s ]
INFO: [ view_filter ] --END-- [ RunTime:0.000412s ]
INFO: [ app_end ] --START--
INFO: Run Behavior\ShowPageTraceBehavior [ RunTime:0.000630s ]
INFO: [ app_end ] --END-- [ RunTime:0.000683s ]

